[2026-04-18T13:29:51.354Z] Plugin initialized: 54 commands [
  "plannotator-review",
  "plannotator-last",
  "plannotator-annotate",
  "plannotator-archive",
  "gsd-plant-seed",
  "gsd-pause-work",
  "gsd-audit-milestone",
  "gsd-verify-work",
  "gsd-plan-phase",
  "gsd-new-project",
  "gsd-add-tests",
  "gsd-do",
  "gsd-review-backlog",
  "gsd-autonomous",
  "gsd-complete-milestone",
  "gsd-plan-milestone-gaps",
  "gsd-remove-phase",
  "gsd-ui-phase",
  "gsd-fast",
  "gsd-quick",
  "gsd-pr-branch",
  "gsd-debug",
  "gsd-check-todos",
  "gsd-ui-review",
  "gsd-session-report",
  "gsd-list-phase-assumptions",
  "gsd-stats",
  "gsd-cleanup",
  "gsd-thread",
  "gsd-discuss-phase",
  "gsd-settings",
  "gsd-reapply-patches",
  "gsd-add-backlog",
  "gsd-set-profile",
  "gsd-update",
  "gsd-note",
  "gsd-review",
  "gsd-add-todo",
  "gsd-profile-user",
  "gsd-validate-phase",
  "gsd-next",
  "gsd-resume-work",
  "gsd-join-discord",
  "gsd-map-codebase",
  "gsd-ship",
  "gsd-execute-phase",
  "gsd-progress",
  "gsd-new-milestone",
  "gsd-insert-phase",
  "gsd-health",
  "gsd-research-phase",
  "gsd-audit-uat",
  "gsd-help",
  "gsd-add-phase"
]
[2026-04-18T13:29:51.357Z] Registered /subtask command
[2026-04-18T13:30:07.995Z] cmd.before: gsd-new-project {
  "return": [],
  "parallel": []
}
[2026-04-18T13:30:07.995Z] Processing 7 parts for $TURN refs
[2026-04-18T13:30:07.995Z] Part type=text, hasPrompt=false, hasText=true
[2026-04-18T13:30:07.995Z] Text part (first 200): <context>
**Flags:**
- `--auto` — Automatic mode. After config questions, runs research → requirements → roadmap without further interaction. Expects idea document via @ reference.
</context>

<object
[2026-04-18T13:30:07.995Z] Part type=file, hasPrompt=false, hasText=false
[2026-04-18T13:30:07.995Z] Part type=file, hasPrompt=false, hasText=false
[2026-04-18T13:30:07.995Z] Part type=file, hasPrompt=false, hasText=false
[2026-04-18T13:30:07.995Z] Part type=file, hasPrompt=false, hasText=false
[2026-04-18T13:30:07.995Z] Part type=file, hasPrompt=false, hasText=false
[2026-04-18T13:30:07.995Z] Part type=file, hasPrompt=false, hasText=false
[2026-04-18T13:30:08.128Z] message-hooks: ENTRY msgCount=1, sessions=ses_25f373114ffe0cZaHTatD0EE2e
[2026-04-18T13:30:08.128Z] message-hooks: MESSAGES: [0]user: text:"<context>
**Flags:**
- `--auto` — Automa...", text:"Called the Read tool with the following ..."(syn), text:"<path>/Users/kritbannachaisirisuk/Docume..."(syn), file, text:"Called the Read tool with the following ..."(syn), text:"<path>/Users/kritbannachaisirisuk/Docume..."(syn), file, text:"Called the Read tool with the following ..."(syn), text:"<path>/Users/kritbannachaisirisuk/Docume..."(syn), file, text:"Called the Read tool with the following ..."(syn), text:"<path>/Users/kritbannachaisirisuk/Docume..."(syn), file, text:"Called the Read tool with the following ..."(syn), text:"<path>/Users/kritbannachaisirisuk/Docume..."(syn), file, text:"Called the Read tool with the following ..."(syn), text:"<path>/Users/kritbannachaisirisuk/Docume..."(syn), file
[2026-04-18T13:30:08.128Z] message-hooks: post-filter, msgCount=1
[2026-04-18T13:30:08.128Z] message-hooks: about to search for OPENCODE_GENERIC
[2026-04-18T13:30:08.128Z] message-hooks: searching 1 messages for OPENCODE_GENERIC
[2026-04-18T13:30:08.128Z] message-hooks: found synthetic text at [0]: "Called the Read tool with the following input: {"f..." matches=false
[2026-04-18T13:30:08.128Z] message-hooks: found synthetic text at [0]: "<path>/Users/kritbannachaisirisuk/Documents/work-d..." matches=false
[2026-04-18T13:30:08.128Z] message-hooks: found synthetic text at [0]: "Called the Read tool with the following input: {"f..." matches=false
[2026-04-18T13:30:08.128Z] message-hooks: found synthetic text at [0]: "<path>/Users/kritbannachaisirisuk/Documents/work-d..." matches=false
[2026-04-18T13:30:08.128Z] message-hooks: found synthetic text at [0]: "Called the Read tool with the following input: {"f..." matches=false
[2026-04-18T13:30:08.128Z] message-hooks: found synthetic text at [0]: "<path>/Users/kritbannachaisirisuk/Documents/work-d..." matches=false
[2026-04-18T13:30:08.128Z] message-hooks: found synthetic text at [0]: "Called the Read tool with the following input: {"f..." matches=false
[2026-04-18T13:30:08.128Z] message-hooks: found synthetic text at [0]: "<path>/Users/kritbannachaisirisuk/Documents/work-d..." matches=false
[2026-04-18T13:30:08.128Z] message-hooks: found synthetic text at [0]: "Called the Read tool with the following input: {"f..." matches=false
[2026-04-18T13:30:08.128Z] message-hooks: found synthetic text at [0]: "<path>/Users/kritbannachaisirisuk/Documents/work-d..." matches=false
[2026-04-18T13:30:08.128Z] message-hooks: found synthetic text at [0]: "Called the Read tool with the following input: {"f..." matches=false
[2026-04-18T13:30:08.128Z] message-hooks: found synthetic text at [0]: "<path>/Users/kritbannachaisirisuk/Documents/work-d..." matches=false
[2026-04-18T13:30:08.128Z] message-hooks: generic search complete, found=false, index=-1
[2026-04-18T13:30:08.128Z] message-hooks: no generic part found, checking for pending prompt return
[2026-04-18T13:30:16.917Z] message-hooks: ENTRY msgCount=2, sessions=ses_25f373114ffe0cZaHTatD0EE2e
[2026-04-18T13:30:16.917Z] message-hooks: MESSAGES: [0]user: text:"<context>
**Flags:**
- `--auto` — Automa...", text:"Called the Read tool with the following ..."(syn), text:"<path>/Users/kritbannachaisirisuk/Docume..."(syn), file, text:"Called the Read tool with the following ..."(syn), text:"<path>/Users/kritbannachaisirisuk/Docume..."(syn), file, text:"Called the Read tool with the following ..."(syn), text:"<path>/Users/kritbannachaisirisuk/Docume..."(syn), file, text:"Called the Read tool with the following ..."(syn), text:"<path>/Users/kritbannachaisirisuk/Docume..."(syn), file, text:"Called the Read tool with the following ..."(syn), text:"<path>/Users/kritbannachaisirisuk/Docume..."(syn), file, text:"Called the Read tool with the following ..."(syn), text:"<path>/Users/kritbannachaisirisuk/Docume..."(syn), file | [1]assistant: step-start, text:"I'll execute the new-project workflow. L...", tool:completed, step-finish, patch
[2026-04-18T13:30:16.917Z] message-hooks: post-filter, msgCount=2
[2026-04-18T13:30:16.917Z] message-hooks: about to search for OPENCODE_GENERIC
[2026-04-18T13:30:16.917Z] message-hooks: searching 2 messages for OPENCODE_GENERIC
[2026-04-18T13:30:16.917Z] message-hooks: found synthetic text at [0]: "Called the Read tool with the following input: {"f..." matches=false
[2026-04-18T13:30:16.917Z] message-hooks: found synthetic text at [0]: "<path>/Users/kritbannachaisirisuk/Documents/work-d..." matches=false
[2026-04-18T13:30:16.917Z] message-hooks: found synthetic text at [0]: "Called the Read tool with the following input: {"f..." matches=false
[2026-04-18T13:30:16.917Z] message-hooks: found synthetic text at [0]: "<path>/Users/kritbannachaisirisuk/Documents/work-d..." matches=false
[2026-04-18T13:30:16.917Z] message-hooks: found synthetic text at [0]: "Called the Read tool with the following input: {"f..." matches=false
[2026-04-18T13:30:16.917Z] message-hooks: found synthetic text at [0]: "<path>/Users/kritbannachaisirisuk/Documents/work-d..." matches=false
[2026-04-18T13:30:16.917Z] message-hooks: found synthetic text at [0]: "Called the Read tool with the following input: {"f..." matches=false
[2026-04-18T13:30:16.917Z] message-hooks: found synthetic text at [0]: "<path>/Users/kritbannachaisirisuk/Documents/work-d..." matches=false
[2026-04-18T13:30:16.917Z] message-hooks: found synthetic text at [0]: "Called the Read tool with the following input: {"f..." matches=false
[2026-04-18T13:30:16.917Z] message-hooks: found synthetic text at [0]: "<path>/Users/kritbannachaisirisuk/Documents/work-d..." matches=false
[2026-04-18T13:30:16.917Z] message-hooks: found synthetic text at [0]: "Called the Read tool with the following input: {"f..." matches=false
[2026-04-18T13:30:16.917Z] message-hooks: found synthetic text at [0]: "<path>/Users/kritbannachaisirisuk/Documents/work-d..." matches=false
[2026-04-18T13:30:16.917Z] message-hooks: generic search complete, found=false, index=-1
[2026-04-18T13:30:16.917Z] message-hooks: no generic part found, checking for pending prompt return
[2026-04-18T13:30:23.364Z] session.idle: sessionID=ses_25f373114ffe0cZaHTatD0EE2e
[2026-04-18T13:32:16.604Z] message-hooks: ENTRY msgCount=4, sessions=ses_25f373114ffe0cZaHTatD0EE2e
[2026-04-18T13:32:16.604Z] message-hooks: MESSAGES: [0]user: text:"<context>
**Flags:**
- `--auto` — Automa...", text:"Called the Read tool with the following ..."(syn), text:"<path>/Users/kritbannachaisirisuk/Docume..."(syn), file, text:"Called the Read tool with the following ..."(syn), text:"<path>/Users/kritbannachaisirisuk/Docume..."(syn), file, text:"Called the Read tool with the following ..."(syn), text:"<path>/Users/kritbannachaisirisuk/Docume..."(syn), file, text:"Called the Read tool with the following ..."(syn), text:"<path>/Users/kritbannachaisirisuk/Docume..."(syn), file, text:"Called the Read tool with the following ..."(syn), text:"<path>/Users/kritbannachaisirisuk/Docume..."(syn), file, text:"Called the Read tool with the following ..."(syn), text:"<path>/Users/kritbannachaisirisuk/Docume..."(syn), file | [1]assistant: step-start, text:"I'll execute the new-project workflow. L...", tool:completed, step-finish, patch | [2]assistant: step-start, text:"╔═══════════════════════════════════════...", step-finish, patch | [3]user: text:"I'm using GSD for spec driven developmen..."
[2026-04-18T13:32:16.604Z] message-hooks: post-filter, msgCount=4
[2026-04-18T13:32:16.604Z] message-hooks: about to search for OPENCODE_GENERIC
[2026-04-18T13:32:16.604Z] message-hooks: searching 4 messages for OPENCODE_GENERIC
[2026-04-18T13:32:16.604Z] message-hooks: found synthetic text at [0]: "Called the Read tool with the following input: {"f..." matches=false
[2026-04-18T13:32:16.604Z] message-hooks: found synthetic text at [0]: "<path>/Users/kritbannachaisirisuk/Documents/work-d..." matches=false
[2026-04-18T13:32:16.604Z] message-hooks: found synthetic text at [0]: "Called the Read tool with the following input: {"f..." matches=false
[2026-04-18T13:32:16.604Z] message-hooks: found synthetic text at [0]: "<path>/Users/kritbannachaisirisuk/Documents/work-d..." matches=false
[2026-04-18T13:32:16.604Z] message-hooks: found synthetic text at [0]: "Called the Read tool with the following input: {"f..." matches=false
[2026-04-18T13:32:16.604Z] message-hooks: found synthetic text at [0]: "<path>/Users/kritbannachaisirisuk/Documents/work-d..." matches=false
[2026-04-18T13:32:16.604Z] message-hooks: found synthetic text at [0]: "Called the Read tool with the following input: {"f..." matches=false
[2026-04-18T13:32:16.604Z] message-hooks: found synthetic text at [0]: "<path>/Users/kritbannachaisirisuk/Documents/work-d..." matches=false
[2026-04-18T13:32:16.604Z] message-hooks: found synthetic text at [0]: "Called the Read tool with the following input: {"f..." matches=false
[2026-04-18T13:32:16.604Z] message-hooks: found synthetic text at [0]: "<path>/Users/kritbannachaisirisuk/Documents/work-d..." matches=false
[2026-04-18T13:32:16.604Z] message-hooks: found synthetic text at [0]: "Called the Read tool with the following input: {"f..." matches=false
[2026-04-18T13:32:16.604Z] message-hooks: found synthetic text at [0]: "<path>/Users/kritbannachaisirisuk/Documents/work-d..." matches=false
[2026-04-18T13:32:16.604Z] message-hooks: generic search complete, found=false, index=-1
[2026-04-18T13:32:16.604Z] message-hooks: no generic part found, checking for pending prompt return
[2026-04-18T13:32:36.781Z] message-hooks: ENTRY msgCount=5, sessions=ses_25f373114ffe0cZaHTatD0EE2e
[2026-04-18T13:32:36.781Z] message-hooks: MESSAGES: [0]user: text:"<context>
**Flags:**
- `--auto` — Automa...", text:"Called the Read tool with the following ..."(syn), text:"<path>/Users/kritbannachaisirisuk/Docume..."(syn), file, text:"Called the Read tool with the following ..."(syn), text:"<path>/Users/kritbannachaisirisuk/Docume..."(syn), file, text:"Called the Read tool with the following ..."(syn), text:"<path>/Users/kritbannachaisirisuk/Docume..."(syn), file, text:"Called the Read tool with the following ..."(syn), text:"<path>/Users/kritbannachaisirisuk/Docume..."(syn), file, text:"Called the Read tool with the following ..."(syn), text:"<path>/Users/kritbannachaisirisuk/Docume..."(syn), file, text:"Called the Read tool with the following ..."(syn), text:"<path>/Users/kritbannachaisirisuk/Docume..."(syn), file | [1]assistant: step-start, text:"I'll execute the new-project workflow. L...", tool:completed, step-finish, patch | [2]assistant: step-start, text:"╔═══════════════════════════════════════...", step-finish, patch | [3]user: text:"I'm using GSD for spec driven developmen..." | [4]assistant: step-start, reasoning, text:"Let me first understand the current stat...", tool:completed, tool:completed, tool:error, tool:completed, tool:completed, tool:completed, step-finish, patch
[2026-04-18T13:32:36.781Z] message-hooks: post-filter, msgCount=5
[2026-04-18T13:32:36.781Z] message-hooks: about to search for OPENCODE_GENERIC
[2026-04-18T13:32:36.781Z] message-hooks: searching 5 messages for OPENCODE_GENERIC
[2026-04-18T13:32:36.781Z] message-hooks: found synthetic text at [0]: "Called the Read tool with the following input: {"f..." matches=false
[2026-04-18T13:32:36.781Z] message-hooks: found synthetic text at [0]: "<path>/Users/kritbannachaisirisuk/Documents/work-d..." matches=false
[2026-04-18T13:32:36.781Z] message-hooks: found synthetic text at [0]: "Called the Read tool with the following input: {"f..." matches=false
[2026-04-18T13:32:36.781Z] message-hooks: found synthetic text at [0]: "<path>/Users/kritbannachaisirisuk/Documents/work-d..." matches=false
[2026-04-18T13:32:36.781Z] message-hooks: found synthetic text at [0]: "Called the Read tool with the following input: {"f..." matches=false
[2026-04-18T13:32:36.781Z] message-hooks: found synthetic text at [0]: "<path>/Users/kritbannachaisirisuk/Documents/work-d..." matches=false
[2026-04-18T13:32:36.781Z] message-hooks: found synthetic text at [0]: "Called the Read tool with the following input: {"f..." matches=false
[2026-04-18T13:32:36.781Z] message-hooks: found synthetic text at [0]: "<path>/Users/kritbannachaisirisuk/Documents/work-d..." matches=false
[2026-04-18T13:32:36.781Z] message-hooks: found synthetic text at [0]: "Called the Read tool with the following input: {"f..." matches=false
[2026-04-18T13:32:36.781Z] message-hooks: found synthetic text at [0]: "<path>/Users/kritbannachaisirisuk/Documents/work-d..." matches=false
[2026-04-18T13:32:36.781Z] message-hooks: found synthetic text at [0]: "Called the Read tool with the following input: {"f..." matches=false
[2026-04-18T13:32:36.781Z] message-hooks: found synthetic text at [0]: "<path>/Users/kritbannachaisirisuk/Documents/work-d..." matches=false
[2026-04-18T13:32:36.781Z] message-hooks: generic search complete, found=false, index=-1
[2026-04-18T13:32:36.781Z] message-hooks: no generic part found, checking for pending prompt return
[2026-04-18T13:32:40.581Z] message-hooks: ENTRY msgCount=6, sessions=ses_25f373114ffe0cZaHTatD0EE2e
[2026-04-18T13:32:40.581Z] message-hooks: MESSAGES: [0]user: text:"<context>
**Flags:**
- `--auto` — Automa...", text:"Called the Read tool with the following ..."(syn), text:"<path>/Users/kritbannachaisirisuk/Docume..."(syn), file, text:"Called the Read tool with the following ..."(syn), text:"<path>/Users/kritbannachaisirisuk/Docume..."(syn), file, text:"Called the Read tool with the following ..."(syn), text:"<path>/Users/kritbannachaisirisuk/Docume..."(syn), file, text:"Called the Read tool with the following ..."(syn), text:"<path>/Users/kritbannachaisirisuk/Docume..."(syn), file, text:"Called the Read tool with the following ..."(syn), text:"<path>/Users/kritbannachaisirisuk/Docume..."(syn), file, text:"Called the Read tool with the following ..."(syn), text:"<path>/Users/kritbannachaisirisuk/Docume..."(syn), file | [1]assistant: step-start, text:"I'll execute the new-project workflow. L...", tool:completed, step-finish, patch | [2]assistant: step-start, text:"╔═══════════════════════════════════════...", step-finish, patch | [3]user: text:"I'm using GSD for spec driven developmen..." | [4]assistant: step-start, reasoning, text:"Let me first understand the current stat...", tool:completed, tool:completed, tool:error, tool:completed, tool:completed, tool:completed, step-finish, patch | [5]assistant: step-start, tool:completed, tool:completed, step-finish, patch
[2026-04-18T13:32:40.581Z] message-hooks: post-filter, msgCount=6
[2026-04-18T13:32:40.581Z] message-hooks: about to search for OPENCODE_GENERIC
[2026-04-18T13:32:40.581Z] message-hooks: searching 6 messages for OPENCODE_GENERIC
[2026-04-18T13:32:40.581Z] message-hooks: found synthetic text at [0]: "Called the Read tool with the following input: {"f..." matches=false
[2026-04-18T13:32:40.581Z] message-hooks: found synthetic text at [0]: "<path>/Users/kritbannachaisirisuk/Documents/work-d..." matches=false
[2026-04-18T13:32:40.581Z] message-hooks: found synthetic text at [0]: "Called the Read tool with the following input: {"f..." matches=false
[2026-04-18T13:32:40.581Z] message-hooks: found synthetic text at [0]: "<path>/Users/kritbannachaisirisuk/Documents/work-d..." matches=false
[2026-04-18T13:32:40.581Z] message-hooks: found synthetic text at [0]: "Called the Read tool with the following input: {"f..." matches=false
[2026-04-18T13:32:40.581Z] message-hooks: found synthetic text at [0]: "<path>/Users/kritbannachaisirisuk/Documents/work-d..." matches=false
[2026-04-18T13:32:40.581Z] message-hooks: found synthetic text at [0]: "Called the Read tool with the following input: {"f..." matches=false
[2026-04-18T13:32:40.581Z] message-hooks: found synthetic text at [0]: "<path>/Users/kritbannachaisirisuk/Documents/work-d..." matches=false
[2026-04-18T13:32:40.581Z] message-hooks: found synthetic text at [0]: "Called the Read tool with the following input: {"f..." matches=false
[2026-04-18T13:32:40.581Z] message-hooks: found synthetic text at [0]: "<path>/Users/kritbannachaisirisuk/Documents/work-d..." matches=false
[2026-04-18T13:32:40.581Z] message-hooks: found synthetic text at [0]: "Called the Read tool with the following input: {"f..." matches=false
[2026-04-18T13:32:40.581Z] message-hooks: found synthetic text at [0]: "<path>/Users/kritbannachaisirisuk/Documents/work-d..." matches=false
[2026-04-18T13:32:40.581Z] message-hooks: generic search complete, found=false, index=-1
[2026-04-18T13:32:40.581Z] message-hooks: no generic part found, checking for pending prompt return
[2026-04-18T13:32:44.397Z] message-hooks: ENTRY msgCount=7, sessions=ses_25f373114ffe0cZaHTatD0EE2e
[2026-04-18T13:32:44.397Z] message-hooks: MESSAGES: [0]user: text:"<context>
**Flags:**
- `--auto` — Automa...", text:"Called the Read tool with the following ..."(syn), text:"<path>/Users/kritbannachaisirisuk/Docume..."(syn), file, text:"Called the Read tool with the following ..."(syn), text:"<path>/Users/kritbannachaisirisuk/Docume..."(syn), file, text:"Called the Read tool with the following ..."(syn), text:"<path>/Users/kritbannachaisirisuk/Docume..."(syn), file, text:"Called the Read tool with the following ..."(syn), text:"<path>/Users/kritbannachaisirisuk/Docume..."(syn), file, text:"Called the Read tool with the following ..."(syn), text:"<path>/Users/kritbannachaisirisuk/Docume..."(syn), file, text:"Called the Read tool with the following ..."(syn), text:"<path>/Users/kritbannachaisirisuk/Docume..."(syn), file | [1]assistant: step-start, text:"I'll execute the new-project workflow. L...", tool:completed, step-finish, patch | [2]assistant: step-start, text:"╔═══════════════════════════════════════...", step-finish, patch | [3]user: text:"I'm using GSD for spec driven developmen..." | [4]assistant: step-start, reasoning, text:"Let me first understand the current stat...", tool:completed, tool:completed, tool:error, tool:completed, tool:completed, tool:completed, step-finish, patch | [5]assistant: step-start, tool:completed, tool:completed, step-finish, patch | [6]assistant: step-start, tool:completed, tool:completed, tool:completed, step-finish, patch
[2026-04-18T13:32:44.397Z] message-hooks: post-filter, msgCount=7
[2026-04-18T13:32:44.397Z] message-hooks: about to search for OPENCODE_GENERIC
[2026-04-18T13:32:44.397Z] message-hooks: searching 7 messages for OPENCODE_GENERIC
[2026-04-18T13:32:44.397Z] message-hooks: found synthetic text at [0]: "Called the Read tool with the following input: {"f..." matches=false
[2026-04-18T13:32:44.397Z] message-hooks: found synthetic text at [0]: "<path>/Users/kritbannachaisirisuk/Documents/work-d..." matches=false
[2026-04-18T13:32:44.397Z] message-hooks: found synthetic text at [0]: "Called the Read tool with the following input: {"f..." matches=false
[2026-04-18T13:32:44.397Z] message-hooks: found synthetic text at [0]: "<path>/Users/kritbannachaisirisuk/Documents/work-d..." matches=false
[2026-04-18T13:32:44.397Z] message-hooks: found synthetic text at [0]: "Called the Read tool with the following input: {"f..." matches=false
[2026-04-18T13:32:44.397Z] message-hooks: found synthetic text at [0]: "<path>/Users/kritbannachaisirisuk/Documents/work-d..." matches=false
[2026-04-18T13:32:44.397Z] message-hooks: found synthetic text at [0]: "Called the Read tool with the following input: {"f..." matches=false
[2026-04-18T13:32:44.397Z] message-hooks: found synthetic text at [0]: "<path>/Users/kritbannachaisirisuk/Documents/work-d..." matches=false
[2026-04-18T13:32:44.397Z] message-hooks: found synthetic text at [0]: "Called the Read tool with the following input: {"f..." matches=false
[2026-04-18T13:32:44.397Z] message-hooks: found synthetic text at [0]: "<path>/Users/kritbannachaisirisuk/Documents/work-d..." matches=false
[2026-04-18T13:32:44.397Z] message-hooks: found synthetic text at [0]: "Called the Read tool with the following input: {"f..." matches=false
[2026-04-18T13:32:44.397Z] message-hooks: found synthetic text at [0]: "<path>/Users/kritbannachaisirisuk/Documents/work-d..." matches=false
[2026-04-18T13:32:44.397Z] message-hooks: generic search complete, found=false, index=-1
[2026-04-18T13:32:44.397Z] message-hooks: no generic part found, checking for pending prompt return
[2026-04-18T13:40:41.981Z] message-hooks: ENTRY msgCount=8, sessions=ses_25f373114ffe0cZaHTatD0EE2e
[2026-04-18T13:40:41.981Z] message-hooks: MESSAGES: [0]user: text:"<context>
**Flags:**
- `--auto` — Automa...", text:"Called the Read tool with the following ..."(syn), text:"<path>/Users/kritbannachaisirisuk/Docume..."(syn), file, text:"Called the Read tool with the following ..."(syn), text:"<path>/Users/kritbannachaisirisuk/Docume..."(syn), file, text:"Called the Read tool with the following ..."(syn), text:"<path>/Users/kritbannachaisirisuk/Docume..."(syn), file, text:"Called the Read tool with the following ..."(syn), text:"<path>/Users/kritbannachaisirisuk/Docume..."(syn), file, text:"Called the Read tool with the following ..."(syn), text:"<path>/Users/kritbannachaisirisuk/Docume..."(syn), file, text:"Called the Read tool with the following ..."(syn), text:"<path>/Users/kritbannachaisirisuk/Docume..."(syn), file | [1]assistant: step-start, text:"I'll execute the new-project workflow. L...", tool:completed, step-finish, patch | [2]assistant: step-start, text:"╔═══════════════════════════════════════...", step-finish, patch | [3]user: text:"I'm using GSD for spec driven developmen..." | [4]assistant: step-start, reasoning, text:"Let me first understand the current stat...", tool:completed, tool:completed, tool:error, tool:completed, tool:completed, tool:completed, step-finish, patch | [5]assistant: step-start, tool:completed, tool:completed, step-finish, patch | [6]assistant: step-start, tool:completed, tool:completed, tool:completed, step-finish, patch | [7]assistant: step-start, reasoning, text:"Now I have a clear picture. Let me ask a...", tool:completed, step-finish, patch
[2026-04-18T13:40:41.982Z] message-hooks: post-filter, msgCount=8
[2026-04-18T13:40:41.982Z] message-hooks: about to search for OPENCODE_GENERIC
[2026-04-18T13:40:41.982Z] message-hooks: searching 8 messages for OPENCODE_GENERIC
[2026-04-18T13:40:41.982Z] message-hooks: found synthetic text at [0]: "Called the Read tool with the following input: {"f..." matches=false
[2026-04-18T13:40:41.982Z] message-hooks: found synthetic text at [0]: "<path>/Users/kritbannachaisirisuk/Documents/work-d..." matches=false
[2026-04-18T13:40:41.982Z] message-hooks: found synthetic text at [0]: "Called the Read tool with the following input: {"f..." matches=false
[2026-04-18T13:40:41.982Z] message-hooks: found synthetic text at [0]: "<path>/Users/kritbannachaisirisuk/Documents/work-d..." matches=false
[2026-04-18T13:40:41.982Z] message-hooks: found synthetic text at [0]: "Called the Read tool with the following input: {"f..." matches=false
[2026-04-18T13:40:41.982Z] message-hooks: found synthetic text at [0]: "<path>/Users/kritbannachaisirisuk/Documents/work-d..." matches=false
[2026-04-18T13:40:41.982Z] message-hooks: found synthetic text at [0]: "Called the Read tool with the following input: {"f..." matches=false
[2026-04-18T13:40:41.982Z] message-hooks: found synthetic text at [0]: "<path>/Users/kritbannachaisirisuk/Documents/work-d..." matches=false
[2026-04-18T13:40:41.982Z] message-hooks: found synthetic text at [0]: "Called the Read tool with the following input: {"f..." matches=false
[2026-04-18T13:40:41.982Z] message-hooks: found synthetic text at [0]: "<path>/Users/kritbannachaisirisuk/Documents/work-d..." matches=false
[2026-04-18T13:40:41.982Z] message-hooks: found synthetic text at [0]: "Called the Read tool with the following input: {"f..." matches=false
[2026-04-18T13:40:41.982Z] message-hooks: found synthetic text at [0]: "<path>/Users/kritbannachaisirisuk/Documents/work-d..." matches=false
[2026-04-18T13:40:41.982Z] message-hooks: generic search complete, found=false, index=-1
[2026-04-18T13:40:41.982Z] message-hooks: no generic part found, checking for pending prompt return
[2026-04-18T13:46:17.997Z] message-hooks: ENTRY msgCount=9, sessions=ses_25f373114ffe0cZaHTatD0EE2e
[2026-04-18T13:46:17.997Z] message-hooks: MESSAGES: [0]user: text:"<context>
**Flags:**
- `--auto` — Automa...", text:"Called the Read tool with the following ..."(syn), text:"<path>/Users/kritbannachaisirisuk/Docume..."(syn), file, text:"Called the Read tool with the following ..."(syn), text:"<path>/Users/kritbannachaisirisuk/Docume..."(syn), file, text:"Called the Read tool with the following ..."(syn), text:"<path>/Users/kritbannachaisirisuk/Docume..."(syn), file, text:"Called the Read tool with the following ..."(syn), text:"<path>/Users/kritbannachaisirisuk/Docume..."(syn), file, text:"Called the Read tool with the following ..."(syn), text:"<path>/Users/kritbannachaisirisuk/Docume..."(syn), file, text:"Called the Read tool with the following ..."(syn), text:"<path>/Users/kritbannachaisirisuk/Docume..."(syn), file | [1]assistant: step-start, text:"I'll execute the new-project workflow. L...", tool:completed, step-finish, patch | [2]assistant: step-start, text:"╔═══════════════════════════════════════...", step-finish, patch | [3]user: text:"I'm using GSD for spec driven developmen..." | [4]assistant: step-start, reasoning, text:"Let me first understand the current stat...", tool:completed, tool:completed, tool:error, tool:completed, tool:completed, tool:completed, step-finish, patch | [5]assistant: step-start, tool:completed, tool:completed, step-finish, patch | [6]assistant: step-start, tool:completed, tool:completed, tool:completed, step-finish, patch | [7]assistant: step-start, reasoning, text:"Now I have a clear picture. Let me ask a...", tool:completed, step-finish, patch | [8]assistant: step-start, tool:completed, step-finish, patch
[2026-04-18T13:46:17.997Z] message-hooks: post-filter, msgCount=9
[2026-04-18T13:46:17.997Z] message-hooks: about to search for OPENCODE_GENERIC
[2026-04-18T13:46:17.997Z] message-hooks: searching 9 messages for OPENCODE_GENERIC
[2026-04-18T13:46:17.997Z] message-hooks: found synthetic text at [0]: "Called the Read tool with the following input: {"f..." matches=false
[2026-04-18T13:46:17.997Z] message-hooks: found synthetic text at [0]: "<path>/Users/kritbannachaisirisuk/Documents/work-d..." matches=false
[2026-04-18T13:46:17.997Z] message-hooks: found synthetic text at [0]: "Called the Read tool with the following input: {"f..." matches=false
[2026-04-18T13:46:17.997Z] message-hooks: found synthetic text at [0]: "<path>/Users/kritbannachaisirisuk/Documents/work-d..." matches=false
[2026-04-18T13:46:17.997Z] message-hooks: found synthetic text at [0]: "Called the Read tool with the following input: {"f..." matches=false
[2026-04-18T13:46:17.997Z] message-hooks: found synthetic text at [0]: "<path>/Users/kritbannachaisirisuk/Documents/work-d..." matches=false
[2026-04-18T13:46:17.997Z] message-hooks: found synthetic text at [0]: "Called the Read tool with the following input: {"f..." matches=false
[2026-04-18T13:46:17.997Z] message-hooks: found synthetic text at [0]: "<path>/Users/kritbannachaisirisuk/Documents/work-d..." matches=false
[2026-04-18T13:46:17.997Z] message-hooks: found synthetic text at [0]: "Called the Read tool with the following input: {"f..." matches=false
[2026-04-18T13:46:17.997Z] message-hooks: found synthetic text at [0]: "<path>/Users/kritbannachaisirisuk/Documents/work-d..." matches=false
[2026-04-18T13:46:17.997Z] message-hooks: found synthetic text at [0]: "Called the Read tool with the following input: {"f..." matches=false
[2026-04-18T13:46:17.997Z] message-hooks: found synthetic text at [0]: "<path>/Users/kritbannachaisirisuk/Documents/work-d..." matches=false
[2026-04-18T13:46:17.997Z] message-hooks: generic search complete, found=false, index=-1
[2026-04-18T13:46:17.997Z] message-hooks: no generic part found, checking for pending prompt return
[2026-04-18T13:46:31.049Z] message-hooks: ENTRY msgCount=10, sessions=ses_25f373114ffe0cZaHTatD0EE2e
[2026-04-18T13:46:31.049Z] message-hooks: MESSAGES: [0]user: text:"<context>
**Flags:**
- `--auto` — Automa...", text:"Called the Read tool with the following ..."(syn), text:"<path>/Users/kritbannachaisirisuk/Docume..."(syn), file, text:"Called the Read tool with the following ..."(syn), text:"<path>/Users/kritbannachaisirisuk/Docume..."(syn), file, text:"Called the Read tool with the following ..."(syn), text:"<path>/Users/kritbannachaisirisuk/Docume..."(syn), file, text:"Called the Read tool with the following ..."(syn), text:"<path>/Users/kritbannachaisirisuk/Docume..."(syn), file, text:"Called the Read tool with the following ..."(syn), text:"<path>/Users/kritbannachaisirisuk/Docume..."(syn), file, text:"Called the Read tool with the following ..."(syn), text:"<path>/Users/kritbannachaisirisuk/Docume..."(syn), file | [1]assistant: step-start, text:"I'll execute the new-project workflow. L...", tool:completed, step-finish, patch | [2]assistant: step-start, text:"╔═══════════════════════════════════════...", step-finish, patch | [3]user: text:"I'm using GSD for spec driven developmen..." | [4]assistant: step-start, reasoning, text:"Let me first understand the current stat...", tool:completed, tool:completed, tool:error, tool:completed, tool:completed, tool:completed, step-finish, patch | [5]assistant: step-start, tool:completed, tool:completed, step-finish, patch | [6]assistant: step-start, tool:completed, tool:completed, tool:completed, step-finish, patch | [7]assistant: step-start, reasoning, text:"Now I have a clear picture. Let me ask a...", tool:completed, step-finish, patch | [8]assistant: step-start, tool:completed, step-finish, patch | [9]assistant: step-start, reasoning, text:"Got it. Chi router + sqlc + pgx, keep Re...", tool:completed, step-finish, patch
[2026-04-18T13:46:31.049Z] message-hooks: post-filter, msgCount=10
[2026-04-18T13:46:31.049Z] message-hooks: about to search for OPENCODE_GENERIC
[2026-04-18T13:46:31.049Z] message-hooks: searching 10 messages for OPENCODE_GENERIC
[2026-04-18T13:46:31.049Z] message-hooks: found synthetic text at [0]: "Called the Read tool with the following input: {"f..." matches=false
[2026-04-18T13:46:31.049Z] message-hooks: found synthetic text at [0]: "<path>/Users/kritbannachaisirisuk/Documents/work-d..." matches=false
[2026-04-18T13:46:31.049Z] message-hooks: found synthetic text at [0]: "Called the Read tool with the following input: {"f..." matches=false
[2026-04-18T13:46:31.049Z] message-hooks: found synthetic text at [0]: "<path>/Users/kritbannachaisirisuk/Documents/work-d..." matches=false
[2026-04-18T13:46:31.049Z] message-hooks: found synthetic text at [0]: "Called the Read tool with the following input: {"f..." matches=false
[2026-04-18T13:46:31.049Z] message-hooks: found synthetic text at [0]: "<path>/Users/kritbannachaisirisuk/Documents/work-d..." matches=false
[2026-04-18T13:46:31.049Z] message-hooks: found synthetic text at [0]: "Called the Read tool with the following input: {"f..." matches=false
[2026-04-18T13:46:31.049Z] message-hooks: found synthetic text at [0]: "<path>/Users/kritbannachaisirisuk/Documents/work-d..." matches=false
[2026-04-18T13:46:31.049Z] message-hooks: found synthetic text at [0]: "Called the Read tool with the following input: {"f..." matches=false
[2026-04-18T13:46:31.049Z] message-hooks: found synthetic text at [0]: "<path>/Users/kritbannachaisirisuk/Documents/work-d..." matches=false
[2026-04-18T13:46:31.049Z] message-hooks: found synthetic text at [0]: "Called the Read tool with the following input: {"f..." matches=false
[2026-04-18T13:46:31.049Z] message-hooks: found synthetic text at [0]: "<path>/Users/kritbannachaisirisuk/Documents/work-d..." matches=false
[2026-04-18T13:46:31.049Z] message-hooks: generic search complete, found=false, index=-1
[2026-04-18T13:46:31.049Z] message-hooks: no generic part found, checking for pending prompt return
[2026-04-18T13:46:54.490Z] message-hooks: ENTRY msgCount=12, sessions=ses_25f373114ffe0cZaHTatD0EE2e
[2026-04-18T13:46:54.490Z] message-hooks: MESSAGES: [0]user: text:"<context>
**Flags:**
- `--auto` — Automa...", text:"Called the Read tool with the following ..."(syn), text:"<path>/Users/kritbannachaisirisuk/Docume..."(syn), file, text:"Called the Read tool with the following ..."(syn), text:"<path>/Users/kritbannachaisirisuk/Docume..."(syn), file, text:"Called the Read tool with the following ..."(syn), text:"<path>/Users/kritbannachaisirisuk/Docume..."(syn), file, text:"Called the Read tool with the following ..."(syn), text:"<path>/Users/kritbannachaisirisuk/Docume..."(syn), file, text:"Called the Read tool with the following ..."(syn), text:"<path>/Users/kritbannachaisirisuk/Docume..."(syn), file, text:"Called the Read tool with the following ..."(syn), text:"<path>/Users/kritbannachaisirisuk/Docume..."(syn), file | [1]assistant: step-start, text:"I'll execute the new-project workflow. L...", tool:completed, step-finish, patch | [2]assistant: step-start, text:"╔═══════════════════════════════════════...", step-finish, patch | [3]user: text:"I'm using GSD for spec driven developmen..." | [4]assistant: step-start, reasoning, text:"Let me first understand the current stat...", tool:completed, tool:completed, tool:error, tool:completed, tool:completed, tool:completed, step-finish, patch | [5]assistant: step-start, tool:completed, tool:completed, step-finish, patch | [6]assistant: step-start, tool:completed, tool:completed, tool:completed, step-finish, patch | [7]assistant: step-start, reasoning, text:"Now I have a clear picture. Let me ask a...", tool:completed, step-finish, patch | [8]assistant: step-start, tool:completed, step-finish, patch | [9]assistant: step-start, reasoning, text:"Got it. Chi router + sqlc + pgx, keep Re...", tool:completed, step-finish, patch | [10]assistant: step-start, tool:completed, step-finish, patch | [11]user: text:"▣ DCP | -40.8K removed, +795 summary

│⣿..."
[2026-04-18T13:46:54.491Z] message-hooks: post-filter, msgCount=12
[2026-04-18T13:46:54.491Z] message-hooks: about to search for OPENCODE_GENERIC
[2026-04-18T13:46:54.491Z] message-hooks: searching 12 messages for OPENCODE_GENERIC
[2026-04-18T13:46:54.491Z] message-hooks: found synthetic text at [0]: "Called the Read tool with the following input: {"f..." matches=false
[2026-04-18T13:46:54.491Z] message-hooks: found synthetic text at [0]: "<path>/Users/kritbannachaisirisuk/Documents/work-d..." matches=false
[2026-04-18T13:46:54.491Z] message-hooks: found synthetic text at [0]: "Called the Read tool with the following input: {"f..." matches=false
[2026-04-18T13:46:54.491Z] message-hooks: found synthetic text at [0]: "<path>/Users/kritbannachaisirisuk/Documents/work-d..." matches=false
[2026-04-18T13:46:54.491Z] message-hooks: found synthetic text at [0]: "Called the Read tool with the following input: {"f..." matches=false
[2026-04-18T13:46:54.491Z] message-hooks: found synthetic text at [0]: "<path>/Users/kritbannachaisirisuk/Documents/work-d..." matches=false
[2026-04-18T13:46:54.491Z] message-hooks: found synthetic text at [0]: "Called the Read tool with the following input: {"f..." matches=false
[2026-04-18T13:46:54.491Z] message-hooks: found synthetic text at [0]: "<path>/Users/kritbannachaisirisuk/Documents/work-d..." matches=false
[2026-04-18T13:46:54.491Z] message-hooks: found synthetic text at [0]: "Called the Read tool with the following input: {"f..." matches=false
[2026-04-18T13:46:54.491Z] message-hooks: found synthetic text at [0]: "<path>/Users/kritbannachaisirisuk/Documents/work-d..." matches=false
[2026-04-18T13:46:54.491Z] message-hooks: found synthetic text at [0]: "Called the Read tool with the following input: {"f..." matches=false
[2026-04-18T13:46:54.491Z] message-hooks: found synthetic text at [0]: "<path>/Users/kritbannachaisirisuk/Documents/work-d..." matches=false
[2026-04-18T13:46:54.491Z] message-hooks: generic search complete, found=false, index=-1
[2026-04-18T13:46:54.491Z] message-hooks: no generic part found, checking for pending prompt return
[2026-04-18T13:47:00.940Z] message-hooks: ENTRY msgCount=13, sessions=ses_25f373114ffe0cZaHTatD0EE2e
[2026-04-18T13:47:00.940Z] message-hooks: MESSAGES: [0]user: text:"<context>
**Flags:**
- `--auto` — Automa...", text:"Called the Read tool with the following ..."(syn), text:"<path>/Users/kritbannachaisirisuk/Docume..."(syn), file, text:"Called the Read tool with the following ..."(syn), text:"<path>/Users/kritbannachaisirisuk/Docume..."(syn), file, text:"Called the Read tool with the following ..."(syn), text:"<path>/Users/kritbannachaisirisuk/Docume..."(syn), file, text:"Called the Read tool with the following ..."(syn), text:"<path>/Users/kritbannachaisirisuk/Docume..."(syn), file, text:"Called the Read tool with the following ..."(syn), text:"<path>/Users/kritbannachaisirisuk/Docume..."(syn), file, text:"Called the Read tool with the following ..."(syn), text:"<path>/Users/kritbannachaisirisuk/Docume..."(syn), file | [1]assistant: step-start, text:"I'll execute the new-project workflow. L...", tool:completed, step-finish, patch | [2]assistant: step-start, text:"╔═══════════════════════════════════════...", step-finish, patch | [3]user: text:"I'm using GSD for spec driven developmen..." | [4]assistant: step-start, reasoning, text:"Let me first understand the current stat...", tool:completed, tool:completed, tool:error, tool:completed, tool:completed, tool:completed, step-finish, patch | [5]assistant: step-start, tool:completed, tool:completed, step-finish, patch | [6]assistant: step-start, tool:completed, tool:completed, tool:completed, step-finish, patch | [7]assistant: step-start, reasoning, text:"Now I have a clear picture. Let me ask a...", tool:completed, step-finish, patch | [8]assistant: step-start, tool:completed, step-finish, patch | [9]assistant: step-start, reasoning, text:"Got it. Chi router + sqlc + pgx, keep Re...", tool:completed, step-finish, patch | [10]assistant: step-start, tool:completed, step-finish, patch | [11]user: text:"▣ DCP | -40.8K removed, +795 summary

│⣿..." | [12]assistant: step-start, text:"Let me read the current files to make pr...", tool:completed, tool:completed, tool:completed, tool:completed, tool:completed, tool:completed, step-finish, patch
[2026-04-18T13:47:00.940Z] message-hooks: post-filter, msgCount=13
[2026-04-18T13:47:00.940Z] message-hooks: about to search for OPENCODE_GENERIC
[2026-04-18T13:47:00.940Z] message-hooks: searching 13 messages for OPENCODE_GENERIC
[2026-04-18T13:47:00.940Z] message-hooks: found synthetic text at [0]: "Called the Read tool with the following input: {"f..." matches=false
[2026-04-18T13:47:00.940Z] message-hooks: found synthetic text at [0]: "<path>/Users/kritbannachaisirisuk/Documents/work-d..." matches=false
[2026-04-18T13:47:00.940Z] message-hooks: found synthetic text at [0]: "Called the Read tool with the following input: {"f..." matches=false
[2026-04-18T13:47:00.940Z] message-hooks: found synthetic text at [0]: "<path>/Users/kritbannachaisirisuk/Documents/work-d..." matches=false
[2026-04-18T13:47:00.940Z] message-hooks: found synthetic text at [0]: "Called the Read tool with the following input: {"f..." matches=false
[2026-04-18T13:47:00.940Z] message-hooks: found synthetic text at [0]: "<path>/Users/kritbannachaisirisuk/Documents/work-d..." matches=false
[2026-04-18T13:47:00.940Z] message-hooks: found synthetic text at [0]: "Called the Read tool with the following input: {"f..." matches=false
[2026-04-18T13:47:00.940Z] message-hooks: found synthetic text at [0]: "<path>/Users/kritbannachaisirisuk/Documents/work-d..." matches=false
[2026-04-18T13:47:00.940Z] message-hooks: found synthetic text at [0]: "Called the Read tool with the following input: {"f..." matches=false
[2026-04-18T13:47:00.940Z] message-hooks: found synthetic text at [0]: "<path>/Users/kritbannachaisirisuk/Documents/work-d..." matches=false
[2026-04-18T13:47:00.940Z] message-hooks: found synthetic text at [0]: "Called the Read tool with the following input: {"f..." matches=false
[2026-04-18T13:47:00.940Z] message-hooks: found synthetic text at [0]: "<path>/Users/kritbannachaisirisuk/Documents/work-d..." matches=false
[2026-04-18T13:47:00.940Z] message-hooks: generic search complete, found=false, index=-1
[2026-04-18T13:47:00.940Z] message-hooks: no generic part found, checking for pending prompt return
[2026-04-18T13:50:47.965Z] message-hooks: ENTRY msgCount=14, sessions=ses_25f373114ffe0cZaHTatD0EE2e
[2026-04-18T13:50:47.965Z] message-hooks: MESSAGES: [0]user: text:"<context>
**Flags:**
- `--auto` — Automa...", text:"Called the Read tool with the following ..."(syn), text:"<path>/Users/kritbannachaisirisuk/Docume..."(syn), file, text:"Called the Read tool with the following ..."(syn), text:"<path>/Users/kritbannachaisirisuk/Docume..."(syn), file, text:"Called the Read tool with the following ..."(syn), text:"<path>/Users/kritbannachaisirisuk/Docume..."(syn), file, text:"Called the Read tool with the following ..."(syn), text:"<path>/Users/kritbannachaisirisuk/Docume..."(syn), file, text:"Called the Read tool with the following ..."(syn), text:"<path>/Users/kritbannachaisirisuk/Docume..."(syn), file, text:"Called the Read tool with the following ..."(syn), text:"<path>/Users/kritbannachaisirisuk/Docume..."(syn), file | [1]assistant: step-start, text:"I'll execute the new-project workflow. L...", tool:completed, step-finish, patch | [2]assistant: step-start, text:"╔═══════════════════════════════════════...", step-finish, patch | [3]user: text:"I'm using GSD for spec driven developmen..." | [4]assistant: step-start, reasoning, text:"Let me first understand the current stat...", tool:completed, tool:completed, tool:error, tool:completed, tool:completed, tool:completed, step-finish, patch | [5]assistant: step-start, tool:completed, tool:completed, step-finish, patch | [6]assistant: step-start, tool:completed, tool:completed, tool:completed, step-finish, patch | [7]assistant: step-start, reasoning, text:"Now I have a clear picture. Let me ask a...", tool:completed, step-finish, patch | [8]assistant: step-start, tool:completed, step-finish, patch | [9]assistant: step-start, reasoning, text:"Got it. Chi router + sqlc + pgx, keep Re...", tool:completed, step-finish, patch | [10]assistant: step-start, tool:completed, step-finish, patch | [11]user: text:"▣ DCP | -40.8K removed, +795 summary

│⣿..." | [12]assistant: step-start, text:"Let me read the current files to make pr...", tool:completed, tool:completed, tool:completed, tool:completed, tool:completed, tool:completed, step-finish, patch | [13]assistant: step-start, reasoning, text:"Now I have all the content. Let me updat...", tool:completed, tool:completed, tool:completed, tool:completed, tool:completed, tool:completed, step-finish, patch
[2026-04-18T13:50:47.965Z] message-hooks: post-filter, msgCount=14
[2026-04-18T13:50:47.965Z] message-hooks: about to search for OPENCODE_GENERIC
[2026-04-18T13:50:47.965Z] message-hooks: searching 14 messages for OPENCODE_GENERIC
[2026-04-18T13:50:47.965Z] message-hooks: found synthetic text at [0]: "Called the Read tool with the following input: {"f..." matches=false
[2026-04-18T13:50:47.965Z] message-hooks: found synthetic text at [0]: "<path>/Users/kritbannachaisirisuk/Documents/work-d..." matches=false
[2026-04-18T13:50:47.965Z] message-hooks: found synthetic text at [0]: "Called the Read tool with the following input: {"f..." matches=false
[2026-04-18T13:50:47.965Z] message-hooks: found synthetic text at [0]: "<path>/Users/kritbannachaisirisuk/Documents/work-d..." matches=false
[2026-04-18T13:50:47.965Z] message-hooks: found synthetic text at [0]: "Called the Read tool with the following input: {"f..." matches=false
[2026-04-18T13:50:47.965Z] message-hooks: found synthetic text at [0]: "<path>/Users/kritbannachaisirisuk/Documents/work-d..." matches=false
[2026-04-18T13:50:47.965Z] message-hooks: found synthetic text at [0]: "Called the Read tool with the following input: {"f..." matches=false
[2026-04-18T13:50:47.965Z] message-hooks: found synthetic text at [0]: "<path>/Users/kritbannachaisirisuk/Documents/work-d..." matches=false
[2026-04-18T13:50:47.965Z] message-hooks: found synthetic text at [0]: "Called the Read tool with the following input: {"f..." matches=false
[2026-04-18T13:50:47.965Z] message-hooks: found synthetic text at [0]: "<path>/Users/kritbannachaisirisuk/Documents/work-d..." matches=false
[2026-04-18T13:50:47.965Z] message-hooks: found synthetic text at [0]: "Called the Read tool with the following input: {"f..." matches=false
[2026-04-18T13:50:47.965Z] message-hooks: found synthetic text at [0]: "<path>/Users/kritbannachaisirisuk/Documents/work-d..." matches=false
[2026-04-18T13:50:47.965Z] message-hooks: generic search complete, found=false, index=-1
[2026-04-18T13:50:47.965Z] message-hooks: no generic part found, checking for pending prompt return
[2026-04-18T13:50:56.474Z] message-hooks: ENTRY msgCount=15, sessions=ses_25f373114ffe0cZaHTatD0EE2e
[2026-04-18T13:50:56.474Z] message-hooks: MESSAGES: [0]user: text:"<context>
**Flags:**
- `--auto` — Automa...", text:"Called the Read tool with the following ..."(syn), text:"<path>/Users/kritbannachaisirisuk/Docume..."(syn), file, text:"Called the Read tool with the following ..."(syn), text:"<path>/Users/kritbannachaisirisuk/Docume..."(syn), file, text:"Called the Read tool with the following ..."(syn), text:"<path>/Users/kritbannachaisirisuk/Docume..."(syn), file, text:"Called the Read tool with the following ..."(syn), text:"<path>/Users/kritbannachaisirisuk/Docume..."(syn), file, text:"Called the Read tool with the following ..."(syn), text:"<path>/Users/kritbannachaisirisuk/Docume..."(syn), file, text:"Called the Read tool with the following ..."(syn), text:"<path>/Users/kritbannachaisirisuk/Docume..."(syn), file | [1]assistant: step-start, text:"I'll execute the new-project workflow. L...", tool:completed, step-finish, patch | [2]assistant: step-start, text:"╔═══════════════════════════════════════...", step-finish, patch | [3]user: text:"I'm using GSD for spec driven developmen..." | [4]assistant: step-start, reasoning, text:"Let me first understand the current stat...", tool:completed, tool:completed, tool:error, tool:completed, tool:completed, tool:completed, step-finish, patch | [5]assistant: step-start, tool:completed, tool:completed, step-finish, patch | [6]assistant: step-start, tool:completed, tool:completed, tool:completed, step-finish, patch | [7]assistant: step-start, reasoning, text:"Now I have a clear picture. Let me ask a...", tool:completed, step-finish, patch | [8]assistant: step-start, tool:completed, step-finish, patch | [9]assistant: step-start, reasoning, text:"Got it. Chi router + sqlc + pgx, keep Re...", tool:completed, step-finish, patch | [10]assistant: step-start, tool:completed, step-finish, patch | [11]user: text:"▣ DCP | -40.8K removed, +795 summary

│⣿..." | [12]assistant: step-start, text:"Let me read the current files to make pr...", tool:completed, tool:completed, tool:completed, tool:completed, tool:completed, tool:completed, step-finish, patch | [13]assistant: step-start, reasoning, text:"Now I have all the content. Let me updat...", tool:completed, tool:completed, tool:completed, tool:completed, tool:completed, tool:completed, step-finish, patch | [14]assistant: step-start, tool:completed, step-finish, patch
[2026-04-18T13:50:56.474Z] message-hooks: post-filter, msgCount=15
[2026-04-18T13:50:56.474Z] message-hooks: about to search for OPENCODE_GENERIC
[2026-04-18T13:50:56.474Z] message-hooks: searching 15 messages for OPENCODE_GENERIC
[2026-04-18T13:50:56.474Z] message-hooks: found synthetic text at [0]: "Called the Read tool with the following input: {"f..." matches=false
[2026-04-18T13:50:56.474Z] message-hooks: found synthetic text at [0]: "<path>/Users/kritbannachaisirisuk/Documents/work-d..." matches=false
[2026-04-18T13:50:56.474Z] message-hooks: found synthetic text at [0]: "Called the Read tool with the following input: {"f..." matches=false
[2026-04-18T13:50:56.474Z] message-hooks: found synthetic text at [0]: "<path>/Users/kritbannachaisirisuk/Documents/work-d..." matches=false
[2026-04-18T13:50:56.474Z] message-hooks: found synthetic text at [0]: "Called the Read tool with the following input: {"f..." matches=false
[2026-04-18T13:50:56.474Z] message-hooks: found synthetic text at [0]: "<path>/Users/kritbannachaisirisuk/Documents/work-d..." matches=false
[2026-04-18T13:50:56.474Z] message-hooks: found synthetic text at [0]: "Called the Read tool with the following input: {"f..." matches=false
[2026-04-18T13:50:56.474Z] message-hooks: found synthetic text at [0]: "<path>/Users/kritbannachaisirisuk/Documents/work-d..." matches=false
[2026-04-18T13:50:56.474Z] message-hooks: found synthetic text at [0]: "Called the Read tool with the following input: {"f..." matches=false
[2026-04-18T13:50:56.474Z] message-hooks: found synthetic text at [0]: "<path>/Users/kritbannachaisirisuk/Documents/work-d..." matches=false
[2026-04-18T13:50:56.474Z] message-hooks: found synthetic text at [0]: "Called the Read tool with the following input: {"f..." matches=false
[2026-04-18T13:50:56.474Z] message-hooks: found synthetic text at [0]: "<path>/Users/kritbannachaisirisuk/Documents/work-d..." matches=false
[2026-04-18T13:50:56.474Z] message-hooks: generic search complete, found=false, index=-1
[2026-04-18T13:50:56.474Z] message-hooks: no generic part found, checking for pending prompt return
[2026-04-18T13:51:01.079Z] message-hooks: ENTRY msgCount=16, sessions=ses_25f373114ffe0cZaHTatD0EE2e
[2026-04-18T13:51:01.079Z] message-hooks: MESSAGES: [0]user: text:"<context>
**Flags:**
- `--auto` — Automa...", text:"Called the Read tool with the following ..."(syn), text:"<path>/Users/kritbannachaisirisuk/Docume..."(syn), file, text:"Called the Read tool with the following ..."(syn), text:"<path>/Users/kritbannachaisirisuk/Docume..."(syn), file, text:"Called the Read tool with the following ..."(syn), text:"<path>/Users/kritbannachaisirisuk/Docume..."(syn), file, text:"Called the Read tool with the following ..."(syn), text:"<path>/Users/kritbannachaisirisuk/Docume..."(syn), file, text:"Called the Read tool with the following ..."(syn), text:"<path>/Users/kritbannachaisirisuk/Docume..."(syn), file, text:"Called the Read tool with the following ..."(syn), text:"<path>/Users/kritbannachaisirisuk/Docume..."(syn), file | [1]assistant: step-start, text:"I'll execute the new-project workflow. L...", tool:completed, step-finish, patch | [2]assistant: step-start, text:"╔═══════════════════════════════════════...", step-finish, patch | [3]user: text:"I'm using GSD for spec driven developmen..." | [4]assistant: step-start, reasoning, text:"Let me first understand the current stat...", tool:completed, tool:completed, tool:error, tool:completed, tool:completed, tool:completed, step-finish, patch | [5]assistant: step-start, tool:completed, tool:completed, step-finish, patch | [6]assistant: step-start, tool:completed, tool:completed, tool:completed, step-finish, patch | [7]assistant: step-start, reasoning, text:"Now I have a clear picture. Let me ask a...", tool:completed, step-finish, patch | [8]assistant: step-start, tool:completed, step-finish, patch | [9]assistant: step-start, reasoning, text:"Got it. Chi router + sqlc + pgx, keep Re...", tool:completed, step-finish, patch | [10]assistant: step-start, tool:completed, step-finish, patch | [11]user: text:"▣ DCP | -40.8K removed, +795 summary

│⣿..." | [12]assistant: step-start, text:"Let me read the current files to make pr...", tool:completed, tool:completed, tool:completed, tool:completed, tool:completed, tool:completed, step-finish, patch | [13]assistant: step-start, reasoning, text:"Now I have all the content. Let me updat...", tool:completed, tool:completed, tool:completed, tool:completed, tool:completed, tool:completed, step-finish, patch | [14]assistant: step-start, tool:completed, step-finish, patch | [15]assistant: step-start, text:"Now let me remove the old phase director...", tool:completed, tool:completed, tool:completed, step-finish, patch
[2026-04-18T13:51:01.080Z] message-hooks: post-filter, msgCount=16
[2026-04-18T13:51:01.080Z] message-hooks: about to search for OPENCODE_GENERIC
[2026-04-18T13:51:01.080Z] message-hooks: searching 16 messages for OPENCODE_GENERIC
[2026-04-18T13:51:01.080Z] message-hooks: found synthetic text at [0]: "Called the Read tool with the following input: {"f..." matches=false
[2026-04-18T13:51:01.080Z] message-hooks: found synthetic text at [0]: "<path>/Users/kritbannachaisirisuk/Documents/work-d..." matches=false
[2026-04-18T13:51:01.080Z] message-hooks: found synthetic text at [0]: "Called the Read tool with the following input: {"f..." matches=false
[2026-04-18T13:51:01.080Z] message-hooks: found synthetic text at [0]: "<path>/Users/kritbannachaisirisuk/Documents/work-d..." matches=false
[2026-04-18T13:51:01.080Z] message-hooks: found synthetic text at [0]: "Called the Read tool with the following input: {"f..." matches=false
[2026-04-18T13:51:01.080Z] message-hooks: found synthetic text at [0]: "<path>/Users/kritbannachaisirisuk/Documents/work-d..." matches=false
[2026-04-18T13:51:01.080Z] message-hooks: found synthetic text at [0]: "Called the Read tool with the following input: {"f..." matches=false
[2026-04-18T13:51:01.080Z] message-hooks: found synthetic text at [0]: "<path>/Users/kritbannachaisirisuk/Documents/work-d..." matches=false
[2026-04-18T13:51:01.080Z] message-hooks: found synthetic text at [0]: "Called the Read tool with the following input: {"f..." matches=false
[2026-04-18T13:51:01.080Z] message-hooks: found synthetic text at [0]: "<path>/Users/kritbannachaisirisuk/Documents/work-d..." matches=false
[2026-04-18T13:51:01.080Z] message-hooks: found synthetic text at [0]: "Called the Read tool with the following input: {"f..." matches=false
[2026-04-18T13:51:01.080Z] message-hooks: found synthetic text at [0]: "<path>/Users/kritbannachaisirisuk/Documents/work-d..." matches=false
[2026-04-18T13:51:01.080Z] message-hooks: generic search complete, found=false, index=-1
[2026-04-18T13:51:01.080Z] message-hooks: no generic part found, checking for pending prompt return
[2026-04-18T13:51:05.589Z] message-hooks: ENTRY msgCount=17, sessions=ses_25f373114ffe0cZaHTatD0EE2e
[2026-04-18T13:51:05.589Z] message-hooks: MESSAGES: [0]user: text:"<context>
**Flags:**
- `--auto` — Automa...", text:"Called the Read tool with the following ..."(syn), text:"<path>/Users/kritbannachaisirisuk/Docume..."(syn), file, text:"Called the Read tool with the following ..."(syn), text:"<path>/Users/kritbannachaisirisuk/Docume..."(syn), file, text:"Called the Read tool with the following ..."(syn), text:"<path>/Users/kritbannachaisirisuk/Docume..."(syn), file, text:"Called the Read tool with the following ..."(syn), text:"<path>/Users/kritbannachaisirisuk/Docume..."(syn), file, text:"Called the Read tool with the following ..."(syn), text:"<path>/Users/kritbannachaisirisuk/Docume..."(syn), file, text:"Called the Read tool with the following ..."(syn), text:"<path>/Users/kritbannachaisirisuk/Docume..."(syn), file | [1]assistant: step-start, text:"I'll execute the new-project workflow. L...", tool:completed, step-finish, patch | [2]assistant: step-start, text:"╔═══════════════════════════════════════...", step-finish, patch | [3]user: text:"I'm using GSD for spec driven developmen..." | [4]assistant: step-start, reasoning, text:"Let me first understand the current stat...", tool:completed, tool:completed, tool:error, tool:completed, tool:completed, tool:completed, step-finish, patch | [5]assistant: step-start, tool:completed, tool:completed, step-finish, patch | [6]assistant: step-start, tool:completed, tool:completed, tool:completed, step-finish, patch | [7]assistant: step-start, reasoning, text:"Now I have a clear picture. Let me ask a...", tool:completed, step-finish, patch | [8]assistant: step-start, tool:completed, step-finish, patch | [9]assistant: step-start, reasoning, text:"Got it. Chi router + sqlc + pgx, keep Re...", tool:completed, step-finish, patch | [10]assistant: step-start, tool:completed, step-finish, patch | [11]user: text:"▣ DCP | -40.8K removed, +795 summary

│⣿..." | [12]assistant: step-start, text:"Let me read the current files to make pr...", tool:completed, tool:completed, tool:completed, tool:completed, tool:completed, tool:completed, step-finish, patch | [13]assistant: step-start, reasoning, text:"Now I have all the content. Let me updat...", tool:completed, tool:completed, tool:completed, tool:completed, tool:completed, tool:completed, step-finish, patch | [14]assistant: step-start, tool:completed, step-finish, patch | [15]assistant: step-start, text:"Now let me remove the old phase director...", tool:completed, tool:completed, tool:completed, step-finish, patch | [16]assistant: step-start, tool:completed, tool:completed, tool:completed, tool:completed, step-finish, patch
[2026-04-18T13:51:05.589Z] message-hooks: post-filter, msgCount=17
[2026-04-18T13:51:05.589Z] message-hooks: about to search for OPENCODE_GENERIC
[2026-04-18T13:51:05.589Z] message-hooks: searching 17 messages for OPENCODE_GENERIC
[2026-04-18T13:51:05.589Z] message-hooks: found synthetic text at [0]: "Called the Read tool with the following input: {"f..." matches=false
[2026-04-18T13:51:05.589Z] message-hooks: found synthetic text at [0]: "<path>/Users/kritbannachaisirisuk/Documents/work-d..." matches=false
[2026-04-18T13:51:05.589Z] message-hooks: found synthetic text at [0]: "Called the Read tool with the following input: {"f..." matches=false
[2026-04-18T13:51:05.589Z] message-hooks: found synthetic text at [0]: "<path>/Users/kritbannachaisirisuk/Documents/work-d..." matches=false
[2026-04-18T13:51:05.589Z] message-hooks: found synthetic text at [0]: "Called the Read tool with the following input: {"f..." matches=false
[2026-04-18T13:51:05.589Z] message-hooks: found synthetic text at [0]: "<path>/Users/kritbannachaisirisuk/Documents/work-d..." matches=false
[2026-04-18T13:51:05.589Z] message-hooks: found synthetic text at [0]: "Called the Read tool with the following input: {"f..." matches=false
[2026-04-18T13:51:05.589Z] message-hooks: found synthetic text at [0]: "<path>/Users/kritbannachaisirisuk/Documents/work-d..." matches=false
[2026-04-18T13:51:05.589Z] message-hooks: found synthetic text at [0]: "Called the Read tool with the following input: {"f..." matches=false
[2026-04-18T13:51:05.589Z] message-hooks: found synthetic text at [0]: "<path>/Users/kritbannachaisirisuk/Documents/work-d..." matches=false
[2026-04-18T13:51:05.589Z] message-hooks: found synthetic text at [0]: "Called the Read tool with the following input: {"f..." matches=false
[2026-04-18T13:51:05.589Z] message-hooks: found synthetic text at [0]: "<path>/Users/kritbannachaisirisuk/Documents/work-d..." matches=false
[2026-04-18T13:51:05.589Z] message-hooks: generic search complete, found=false, index=-1
[2026-04-18T13:51:05.589Z] message-hooks: no generic part found, checking for pending prompt return
[2026-04-18T13:52:00.163Z] message-hooks: ENTRY msgCount=18, sessions=ses_25f373114ffe0cZaHTatD0EE2e
[2026-04-18T13:52:00.163Z] message-hooks: MESSAGES: [0]user: text:"<context>
**Flags:**
- `--auto` — Automa...", text:"Called the Read tool with the following ..."(syn), text:"<path>/Users/kritbannachaisirisuk/Docume..."(syn), file, text:"Called the Read tool with the following ..."(syn), text:"<path>/Users/kritbannachaisirisuk/Docume..."(syn), file, text:"Called the Read tool with the following ..."(syn), text:"<path>/Users/kritbannachaisirisuk/Docume..."(syn), file, text:"Called the Read tool with the following ..."(syn), text:"<path>/Users/kritbannachaisirisuk/Docume..."(syn), file, text:"Called the Read tool with the following ..."(syn), text:"<path>/Users/kritbannachaisirisuk/Docume..."(syn), file, text:"Called the Read tool with the following ..."(syn), text:"<path>/Users/kritbannachaisirisuk/Docume..."(syn), file | [1]assistant: step-start, text:"I'll execute the new-project workflow. L...", tool:completed, step-finish, patch | [2]assistant: step-start, text:"╔═══════════════════════════════════════...", step-finish, patch | [3]user: text:"I'm using GSD for spec driven developmen..." | [4]assistant: step-start, reasoning, text:"Let me first understand the current stat...", tool:completed, tool:completed, tool:error, tool:completed, tool:completed, tool:completed, step-finish, patch | [5]assistant: step-start, tool:completed, tool:completed, step-finish, patch | [6]assistant: step-start, tool:completed, tool:completed, tool:completed, step-finish, patch | [7]assistant: step-start, reasoning, text:"Now I have a clear picture. Let me ask a...", tool:completed, step-finish, patch | [8]assistant: step-start, tool:completed, step-finish, patch | [9]assistant: step-start, reasoning, text:"Got it. Chi router + sqlc + pgx, keep Re...", tool:completed, step-finish, patch | [10]assistant: step-start, tool:completed, step-finish, patch | [11]user: text:"▣ DCP | -40.8K removed, +795 summary

│⣿..." | [12]assistant: step-start, text:"Let me read the current files to make pr...", tool:completed, tool:completed, tool:completed, tool:completed, tool:completed, tool:completed, step-finish, patch | [13]assistant: step-start, reasoning, text:"Now I have all the content. Let me updat...", tool:completed, tool:completed, tool:completed, tool:completed, tool:completed, tool:completed, step-finish, patch | [14]assistant: step-start, tool:completed, step-finish, patch | [15]assistant: step-start, text:"Now let me remove the old phase director...", tool:completed, tool:completed, tool:completed, step-finish, patch | [16]assistant: step-start, tool:completed, tool:completed, tool:completed, tool:completed, step-finish, patch | [17]assistant: step-start, reasoning, text:"The PITFALLS.md and FEATURES.md files ar...", tool:completed, step-finish, patch
[2026-04-18T13:52:00.163Z] message-hooks: post-filter, msgCount=18
[2026-04-18T13:52:00.163Z] message-hooks: about to search for OPENCODE_GENERIC
[2026-04-18T13:52:00.163Z] message-hooks: searching 18 messages for OPENCODE_GENERIC
[2026-04-18T13:52:00.163Z] message-hooks: found synthetic text at [0]: "Called the Read tool with the following input: {"f..." matches=false
[2026-04-18T13:52:00.163Z] message-hooks: found synthetic text at [0]: "<path>/Users/kritbannachaisirisuk/Documents/work-d..." matches=false
[2026-04-18T13:52:00.163Z] message-hooks: found synthetic text at [0]: "Called the Read tool with the following input: {"f..." matches=false
[2026-04-18T13:52:00.163Z] message-hooks: found synthetic text at [0]: "<path>/Users/kritbannachaisirisuk/Documents/work-d..." matches=false
[2026-04-18T13:52:00.163Z] message-hooks: found synthetic text at [0]: "Called the Read tool with the following input: {"f..." matches=false
[2026-04-18T13:52:00.163Z] message-hooks: found synthetic text at [0]: "<path>/Users/kritbannachaisirisuk/Documents/work-d..." matches=false
[2026-04-18T13:52:00.163Z] message-hooks: found synthetic text at [0]: "Called the Read tool with the following input: {"f..." matches=false
[2026-04-18T13:52:00.163Z] message-hooks: found synthetic text at [0]: "<path>/Users/kritbannachaisirisuk/Documents/work-d..." matches=false
[2026-04-18T13:52:00.163Z] message-hooks: found synthetic text at [0]: "Called the Read tool with the following input: {"f..." matches=false
[2026-04-18T13:52:00.163Z] message-hooks: found synthetic text at [0]: "<path>/Users/kritbannachaisirisuk/Documents/work-d..." matches=false
[2026-04-18T13:52:00.163Z] message-hooks: found synthetic text at [0]: "Called the Read tool with the following input: {"f..." matches=false
[2026-04-18T13:52:00.163Z] message-hooks: found synthetic text at [0]: "<path>/Users/kritbannachaisirisuk/Documents/work-d..." matches=false
[2026-04-18T13:52:00.163Z] message-hooks: generic search complete, found=false, index=-1
[2026-04-18T13:52:00.163Z] message-hooks: no generic part found, checking for pending prompt return
[2026-04-18T13:52:08.727Z] message-hooks: ENTRY msgCount=19, sessions=ses_25f373114ffe0cZaHTatD0EE2e
[2026-04-18T13:52:08.727Z] message-hooks: MESSAGES: [0]user: text:"<context>
**Flags:**
- `--auto` — Automa...", text:"Called the Read tool with the following ..."(syn), text:"<path>/Users/kritbannachaisirisuk/Docume..."(syn), file, text:"Called the Read tool with the following ..."(syn), text:"<path>/Users/kritbannachaisirisuk/Docume..."(syn), file, text:"Called the Read tool with the following ..."(syn), text:"<path>/Users/kritbannachaisirisuk/Docume..."(syn), file, text:"Called the Read tool with the following ..."(syn), text:"<path>/Users/kritbannachaisirisuk/Docume..."(syn), file, text:"Called the Read tool with the following ..."(syn), text:"<path>/Users/kritbannachaisirisuk/Docume..."(syn), file, text:"Called the Read tool with the following ..."(syn), text:"<path>/Users/kritbannachaisirisuk/Docume..."(syn), file | [1]assistant: step-start, text:"I'll execute the new-project workflow. L...", tool:completed, step-finish, patch | [2]assistant: step-start, text:"╔═══════════════════════════════════════...", step-finish, patch | [3]user: text:"I'm using GSD for spec driven developmen..." | [4]assistant: step-start, reasoning, text:"Let me first understand the current stat...", tool:completed, tool:completed, tool:error, tool:completed, tool:completed, tool:completed, step-finish, patch | [5]assistant: step-start, tool:completed, tool:completed, step-finish, patch | [6]assistant: step-start, tool:completed, tool:completed, tool:completed, step-finish, patch | [7]assistant: step-start, reasoning, text:"Now I have a clear picture. Let me ask a...", tool:completed, step-finish, patch | [8]assistant: step-start, tool:completed, step-finish, patch | [9]assistant: step-start, reasoning, text:"Got it. Chi router + sqlc + pgx, keep Re...", tool:completed, step-finish, patch | [10]assistant: step-start, tool:completed, step-finish, patch | [11]user: text:"▣ DCP | -40.8K removed, +795 summary

│⣿..." | [12]assistant: step-start, text:"Let me read the current files to make pr...", tool:completed, tool:completed, tool:completed, tool:completed, tool:completed, tool:completed, step-finish, patch | [13]assistant: step-start, reasoning, text:"Now I have all the content. Let me updat...", tool:completed, tool:completed, tool:completed, tool:completed, tool:completed, tool:completed, step-finish, patch | [14]assistant: step-start, tool:completed, step-finish, patch | [15]assistant: step-start, text:"Now let me remove the old phase director...", tool:completed, tool:completed, tool:completed, step-finish, patch | [16]assistant: step-start, tool:completed, tool:completed, tool:completed, tool:completed, step-finish, patch | [17]assistant: step-start, reasoning, text:"The PITFALLS.md and FEATURES.md files ar...", tool:completed, step-finish, patch | [18]assistant: step-start, tool:completed, step-finish, patch
[2026-04-18T13:52:08.727Z] message-hooks: post-filter, msgCount=19
[2026-04-18T13:52:08.727Z] message-hooks: about to search for OPENCODE_GENERIC
[2026-04-18T13:52:08.727Z] message-hooks: searching 19 messages for OPENCODE_GENERIC
[2026-04-18T13:52:08.727Z] message-hooks: found synthetic text at [0]: "Called the Read tool with the following input: {"f..." matches=false
[2026-04-18T13:52:08.727Z] message-hooks: found synthetic text at [0]: "<path>/Users/kritbannachaisirisuk/Documents/work-d..." matches=false
[2026-04-18T13:52:08.727Z] message-hooks: found synthetic text at [0]: "Called the Read tool with the following input: {"f..." matches=false
[2026-04-18T13:52:08.727Z] message-hooks: found synthetic text at [0]: "<path>/Users/kritbannachaisirisuk/Documents/work-d..." matches=false
[2026-04-18T13:52:08.727Z] message-hooks: found synthetic text at [0]: "Called the Read tool with the following input: {"f..." matches=false
[2026-04-18T13:52:08.727Z] message-hooks: found synthetic text at [0]: "<path>/Users/kritbannachaisirisuk/Documents/work-d..." matches=false
[2026-04-18T13:52:08.727Z] message-hooks: found synthetic text at [0]: "Called the Read tool with the following input: {"f..." matches=false
[2026-04-18T13:52:08.727Z] message-hooks: found synthetic text at [0]: "<path>/Users/kritbannachaisirisuk/Documents/work-d..." matches=false
[2026-04-18T13:52:08.727Z] message-hooks: found synthetic text at [0]: "Called the Read tool with the following input: {"f..." matches=false
[2026-04-18T13:52:08.727Z] message-hooks: found synthetic text at [0]: "<path>/Users/kritbannachaisirisuk/Documents/work-d..." matches=false
[2026-04-18T13:52:08.727Z] message-hooks: found synthetic text at [0]: "Called the Read tool with the following input: {"f..." matches=false
[2026-04-18T13:52:08.727Z] message-hooks: found synthetic text at [0]: "<path>/Users/kritbannachaisirisuk/Documents/work-d..." matches=false
[2026-04-18T13:52:08.727Z] message-hooks: generic search complete, found=false, index=-1
[2026-04-18T13:52:08.727Z] message-hooks: no generic part found, checking for pending prompt return
[2026-04-18T13:52:13.464Z] message-hooks: ENTRY msgCount=20, sessions=ses_25f373114ffe0cZaHTatD0EE2e
[2026-04-18T13:52:13.464Z] message-hooks: MESSAGES: [0]user: text:"<context>
**Flags:**
- `--auto` — Automa...", text:"Called the Read tool with the following ..."(syn), text:"<path>/Users/kritbannachaisirisuk/Docume..."(syn), file, text:"Called the Read tool with the following ..."(syn), text:"<path>/Users/kritbannachaisirisuk/Docume..."(syn), file, text:"Called the Read tool with the following ..."(syn), text:"<path>/Users/kritbannachaisirisuk/Docume..."(syn), file, text:"Called the Read tool with the following ..."(syn), text:"<path>/Users/kritbannachaisirisuk/Docume..."(syn), file, text:"Called the Read tool with the following ..."(syn), text:"<path>/Users/kritbannachaisirisuk/Docume..."(syn), file, text:"Called the Read tool with the following ..."(syn), text:"<path>/Users/kritbannachaisirisuk/Docume..."(syn), file | [1]assistant: step-start, text:"I'll execute the new-project workflow. L...", tool:completed, step-finish, patch | [2]assistant: step-start, text:"╔═══════════════════════════════════════...", step-finish, patch | [3]user: text:"I'm using GSD for spec driven developmen..." | [4]assistant: step-start, reasoning, text:"Let me first understand the current stat...", tool:completed, tool:completed, tool:error, tool:completed, tool:completed, tool:completed, step-finish, patch | [5]assistant: step-start, tool:completed, tool:completed, step-finish, patch | [6]assistant: step-start, tool:completed, tool:completed, tool:completed, step-finish, patch | [7]assistant: step-start, reasoning, text:"Now I have a clear picture. Let me ask a...", tool:completed, step-finish, patch | [8]assistant: step-start, tool:completed, step-finish, patch | [9]assistant: step-start, reasoning, text:"Got it. Chi router + sqlc + pgx, keep Re...", tool:completed, step-finish, patch | [10]assistant: step-start, tool:completed, step-finish, patch | [11]user: text:"▣ DCP | -40.8K removed, +795 summary

│⣿..." | [12]assistant: step-start, text:"Let me read the current files to make pr...", tool:completed, tool:completed, tool:completed, tool:completed, tool:completed, tool:completed, step-finish, patch | [13]assistant: step-start, reasoning, text:"Now I have all the content. Let me updat...", tool:completed, tool:completed, tool:completed, tool:completed, tool:completed, tool:completed, step-finish, patch | [14]assistant: step-start, tool:completed, step-finish, patch | [15]assistant: step-start, text:"Now let me remove the old phase director...", tool:completed, tool:completed, tool:completed, step-finish, patch | [16]assistant: step-start, tool:completed, tool:completed, tool:completed, tool:completed, step-finish, patch | [17]assistant: step-start, reasoning, text:"The PITFALLS.md and FEATURES.md files ar...", tool:completed, step-finish, patch | [18]assistant: step-start, tool:completed, step-finish, patch | [19]assistant: step-start, text:"Now let me check if there's an existing ...", tool:completed, tool:completed, tool:completed, step-finish, patch
[2026-04-18T13:52:13.464Z] message-hooks: post-filter, msgCount=20
[2026-04-18T13:52:13.464Z] message-hooks: about to search for OPENCODE_GENERIC
[2026-04-18T13:52:13.464Z] message-hooks: searching 20 messages for OPENCODE_GENERIC
[2026-04-18T13:52:13.464Z] message-hooks: found synthetic text at [0]: "Called the Read tool with the following input: {"f..." matches=false
[2026-04-18T13:52:13.464Z] message-hooks: found synthetic text at [0]: "<path>/Users/kritbannachaisirisuk/Documents/work-d..." matches=false
[2026-04-18T13:52:13.464Z] message-hooks: found synthetic text at [0]: "Called the Read tool with the following input: {"f..." matches=false
[2026-04-18T13:52:13.464Z] message-hooks: found synthetic text at [0]: "<path>/Users/kritbannachaisirisuk/Documents/work-d..." matches=false
[2026-04-18T13:52:13.464Z] message-hooks: found synthetic text at [0]: "Called the Read tool with the following input: {"f..." matches=false
[2026-04-18T13:52:13.464Z] message-hooks: found synthetic text at [0]: "<path>/Users/kritbannachaisirisuk/Documents/work-d..." matches=false
[2026-04-18T13:52:13.464Z] message-hooks: found synthetic text at [0]: "Called the Read tool with the following input: {"f..." matches=false
[2026-04-18T13:52:13.464Z] message-hooks: found synthetic text at [0]: "<path>/Users/kritbannachaisirisuk/Documents/work-d..." matches=false
[2026-04-18T13:52:13.464Z] message-hooks: found synthetic text at [0]: "Called the Read tool with the following input: {"f..." matches=false
[2026-04-18T13:52:13.464Z] message-hooks: found synthetic text at [0]: "<path>/Users/kritbannachaisirisuk/Documents/work-d..." matches=false
[2026-04-18T13:52:13.464Z] message-hooks: found synthetic text at [0]: "Called the Read tool with the following input: {"f..." matches=false
[2026-04-18T13:52:13.464Z] message-hooks: found synthetic text at [0]: "<path>/Users/kritbannachaisirisuk/Documents/work-d..." matches=false
[2026-04-18T13:52:13.464Z] message-hooks: generic search complete, found=false, index=-1
[2026-04-18T13:52:13.464Z] message-hooks: no generic part found, checking for pending prompt return
[2026-04-18T13:56:28.364Z] message-hooks: ENTRY msgCount=21, sessions=ses_25f373114ffe0cZaHTatD0EE2e
[2026-04-18T13:56:28.364Z] message-hooks: MESSAGES: [0]user: text:"<context>
**Flags:**
- `--auto` — Automa...", text:"Called the Read tool with the following ..."(syn), text:"<path>/Users/kritbannachaisirisuk/Docume..."(syn), file, text:"Called the Read tool with the following ..."(syn), text:"<path>/Users/kritbannachaisirisuk/Docume..."(syn), file, text:"Called the Read tool with the following ..."(syn), text:"<path>/Users/kritbannachaisirisuk/Docume..."(syn), file, text:"Called the Read tool with the following ..."(syn), text:"<path>/Users/kritbannachaisirisuk/Docume..."(syn), file, text:"Called the Read tool with the following ..."(syn), text:"<path>/Users/kritbannachaisirisuk/Docume..."(syn), file, text:"Called the Read tool with the following ..."(syn), text:"<path>/Users/kritbannachaisirisuk/Docume..."(syn), file | [1]assistant: step-start, text:"I'll execute the new-project workflow. L...", tool:completed, step-finish, patch | [2]assistant: step-start, text:"╔═══════════════════════════════════════...", step-finish, patch | [3]user: text:"I'm using GSD for spec driven developmen..." | [4]assistant: step-start, reasoning, text:"Let me first understand the current stat...", tool:completed, tool:completed, tool:error, tool:completed, tool:completed, tool:completed, step-finish, patch | [5]assistant: step-start, tool:completed, tool:completed, step-finish, patch | [6]assistant: step-start, tool:completed, tool:completed, tool:completed, step-finish, patch | [7]assistant: step-start, reasoning, text:"Now I have a clear picture. Let me ask a...", tool:completed, step-finish, patch | [8]assistant: step-start, tool:completed, step-finish, patch | [9]assistant: step-start, reasoning, text:"Got it. Chi router + sqlc + pgx, keep Re...", tool:completed, step-finish, patch | [10]assistant: step-start, tool:completed, step-finish, patch | [11]user: text:"▣ DCP | -40.8K removed, +795 summary

│⣿..." | [12]assistant: step-start, text:"Let me read the current files to make pr...", tool:completed, tool:completed, tool:completed, tool:completed, tool:completed, tool:completed, step-finish, patch | [13]assistant: step-start, reasoning, text:"Now I have all the content. Let me updat...", tool:completed, tool:completed, tool:completed, tool:completed, tool:completed, tool:completed, step-finish, patch | [14]assistant: step-start, tool:completed, step-finish, patch | [15]assistant: step-start, text:"Now let me remove the old phase director...", tool:completed, tool:completed, tool:completed, step-finish, patch | [16]assistant: step-start, tool:completed, tool:completed, tool:completed, tool:completed, step-finish, patch | [17]assistant: step-start, reasoning, text:"The PITFALLS.md and FEATURES.md files ar...", tool:completed, step-finish, patch | [18]assistant: step-start, tool:completed, step-finish, patch | [19]assistant: step-start, text:"Now let me check if there's an existing ...", tool:completed, tool:completed, tool:completed, step-finish, patch | [20]assistant: step-start, tool:completed, step-finish, patch
[2026-04-18T13:56:28.364Z] message-hooks: post-filter, msgCount=21
[2026-04-18T13:56:28.364Z] message-hooks: about to search for OPENCODE_GENERIC
[2026-04-18T13:56:28.364Z] message-hooks: searching 21 messages for OPENCODE_GENERIC
[2026-04-18T13:56:28.364Z] message-hooks: found synthetic text at [0]: "Called the Read tool with the following input: {"f..." matches=false
[2026-04-18T13:56:28.364Z] message-hooks: found synthetic text at [0]: "<path>/Users/kritbannachaisirisuk/Documents/work-d..." matches=false
[2026-04-18T13:56:28.364Z] message-hooks: found synthetic text at [0]: "Called the Read tool with the following input: {"f..." matches=false
[2026-04-18T13:56:28.364Z] message-hooks: found synthetic text at [0]: "<path>/Users/kritbannachaisirisuk/Documents/work-d..." matches=false
[2026-04-18T13:56:28.364Z] message-hooks: found synthetic text at [0]: "Called the Read tool with the following input: {"f..." matches=false
[2026-04-18T13:56:28.364Z] message-hooks: found synthetic text at [0]: "<path>/Users/kritbannachaisirisuk/Documents/work-d..." matches=false
[2026-04-18T13:56:28.364Z] message-hooks: found synthetic text at [0]: "Called the Read tool with the following input: {"f..." matches=false
[2026-04-18T13:56:28.364Z] message-hooks: found synthetic text at [0]: "<path>/Users/kritbannachaisirisuk/Documents/work-d..." matches=false
[2026-04-18T13:56:28.364Z] message-hooks: found synthetic text at [0]: "Called the Read tool with the following input: {"f..." matches=false
[2026-04-18T13:56:28.364Z] message-hooks: found synthetic text at [0]: "<path>/Users/kritbannachaisirisuk/Documents/work-d..." matches=false
[2026-04-18T13:56:28.364Z] message-hooks: found synthetic text at [0]: "Called the Read tool with the following input: {"f..." matches=false
[2026-04-18T13:56:28.364Z] message-hooks: found synthetic text at [0]: "<path>/Users/kritbannachaisirisuk/Documents/work-d..." matches=false
[2026-04-18T13:56:28.364Z] message-hooks: generic search complete, found=false, index=-1
[2026-04-18T13:56:28.364Z] message-hooks: no generic part found, checking for pending prompt return
[2026-04-18T13:56:37.706Z] message-hooks: ENTRY msgCount=22, sessions=ses_25f373114ffe0cZaHTatD0EE2e
[2026-04-18T13:56:37.706Z] message-hooks: MESSAGES: [0]user: text:"<context>
**Flags:**
- `--auto` — Automa...", text:"Called the Read tool with the following ..."(syn), text:"<path>/Users/kritbannachaisirisuk/Docume..."(syn), file, text:"Called the Read tool with the following ..."(syn), text:"<path>/Users/kritbannachaisirisuk/Docume..."(syn), file, text:"Called the Read tool with the following ..."(syn), text:"<path>/Users/kritbannachaisirisuk/Docume..."(syn), file, text:"Called the Read tool with the following ..."(syn), text:"<path>/Users/kritbannachaisirisuk/Docume..."(syn), file, text:"Called the Read tool with the following ..."(syn), text:"<path>/Users/kritbannachaisirisuk/Docume..."(syn), file, text:"Called the Read tool with the following ..."(syn), text:"<path>/Users/kritbannachaisirisuk/Docume..."(syn), file | [1]assistant: step-start, text:"I'll execute the new-project workflow. L...", tool:completed, step-finish, patch | [2]assistant: step-start, text:"╔═══════════════════════════════════════...", step-finish, patch | [3]user: text:"I'm using GSD for spec driven developmen..." | [4]assistant: step-start, reasoning, text:"Let me first understand the current stat...", tool:completed, tool:completed, tool:error, tool:completed, tool:completed, tool:completed, step-finish, patch | [5]assistant: step-start, tool:completed, tool:completed, step-finish, patch | [6]assistant: step-start, tool:completed, tool:completed, tool:completed, step-finish, patch | [7]assistant: step-start, reasoning, text:"Now I have a clear picture. Let me ask a...", tool:completed, step-finish, patch | [8]assistant: step-start, tool:completed, step-finish, patch | [9]assistant: step-start, reasoning, text:"Got it. Chi router + sqlc + pgx, keep Re...", tool:completed, step-finish, patch | [10]assistant: step-start, tool:completed, step-finish, patch | [11]user: text:"▣ DCP | -40.8K removed, +795 summary

│⣿..." | [12]assistant: step-start, text:"Let me read the current files to make pr...", tool:completed, tool:completed, tool:completed, tool:completed, tool:completed, tool:completed, step-finish, patch | [13]assistant: step-start, reasoning, text:"Now I have all the content. Let me updat...", tool:completed, tool:completed, tool:completed, tool:completed, tool:completed, tool:completed, step-finish, patch | [14]assistant: step-start, tool:completed, step-finish, patch | [15]assistant: step-start, text:"Now let me remove the old phase director...", tool:completed, tool:completed, tool:completed, step-finish, patch | [16]assistant: step-start, tool:completed, tool:completed, tool:completed, tool:completed, step-finish, patch | [17]assistant: step-start, reasoning, text:"The PITFALLS.md and FEATURES.md files ar...", tool:completed, step-finish, patch | [18]assistant: step-start, tool:completed, step-finish, patch | [19]assistant: step-start, text:"Now let me check if there's an existing ...", tool:completed, tool:completed, tool:completed, step-finish, patch | [20]assistant: step-start, tool:completed, step-finish, patch | [21]assistant: step-start, tool:completed, step-finish, patch
[2026-04-18T13:56:37.706Z] message-hooks: post-filter, msgCount=22
[2026-04-18T13:56:37.706Z] message-hooks: about to search for OPENCODE_GENERIC
[2026-04-18T13:56:37.706Z] message-hooks: searching 22 messages for OPENCODE_GENERIC
[2026-04-18T13:56:37.706Z] message-hooks: found synthetic text at [0]: "Called the Read tool with the following input: {"f..." matches=false
[2026-04-18T13:56:37.706Z] message-hooks: found synthetic text at [0]: "<path>/Users/kritbannachaisirisuk/Documents/work-d..." matches=false
[2026-04-18T13:56:37.706Z] message-hooks: found synthetic text at [0]: "Called the Read tool with the following input: {"f..." matches=false
[2026-04-18T13:56:37.706Z] message-hooks: found synthetic text at [0]: "<path>/Users/kritbannachaisirisuk/Documents/work-d..." matches=false
[2026-04-18T13:56:37.706Z] message-hooks: found synthetic text at [0]: "Called the Read tool with the following input: {"f..." matches=false
[2026-04-18T13:56:37.706Z] message-hooks: found synthetic text at [0]: "<path>/Users/kritbannachaisirisuk/Documents/work-d..." matches=false
[2026-04-18T13:56:37.706Z] message-hooks: found synthetic text at [0]: "Called the Read tool with the following input: {"f..." matches=false
[2026-04-18T13:56:37.706Z] message-hooks: found synthetic text at [0]: "<path>/Users/kritbannachaisirisuk/Documents/work-d..." matches=false
[2026-04-18T13:56:37.706Z] message-hooks: found synthetic text at [0]: "Called the Read tool with the following input: {"f..." matches=false
[2026-04-18T13:56:37.706Z] message-hooks: found synthetic text at [0]: "<path>/Users/kritbannachaisirisuk/Documents/work-d..." matches=false
[2026-04-18T13:56:37.706Z] message-hooks: found synthetic text at [0]: "Called the Read tool with the following input: {"f..." matches=false
[2026-04-18T13:56:37.706Z] message-hooks: found synthetic text at [0]: "<path>/Users/kritbannachaisirisuk/Documents/work-d..." matches=false
[2026-04-18T13:56:37.706Z] message-hooks: generic search complete, found=false, index=-1
[2026-04-18T13:56:37.706Z] message-hooks: no generic part found, checking for pending prompt return
[2026-04-18T13:57:18.228Z] message-hooks: ENTRY msgCount=23, sessions=ses_25f373114ffe0cZaHTatD0EE2e
[2026-04-18T13:57:18.228Z] message-hooks: MESSAGES: [0]user: text:"<context>
**Flags:**
- `--auto` — Automa...", text:"Called the Read tool with the following ..."(syn), text:"<path>/Users/kritbannachaisirisuk/Docume..."(syn), file, text:"Called the Read tool with the following ..."(syn), text:"<path>/Users/kritbannachaisirisuk/Docume..."(syn), file, text:"Called the Read tool with the following ..."(syn), text:"<path>/Users/kritbannachaisirisuk/Docume..."(syn), file, text:"Called the Read tool with the following ..."(syn), text:"<path>/Users/kritbannachaisirisuk/Docume..."(syn), file, text:"Called the Read tool with the following ..."(syn), text:"<path>/Users/kritbannachaisirisuk/Docume..."(syn), file, text:"Called the Read tool with the following ..."(syn), text:"<path>/Users/kritbannachaisirisuk/Docume..."(syn), file | [1]assistant: step-start, text:"I'll execute the new-project workflow. L...", tool:completed, step-finish, patch | [2]assistant: step-start, text:"╔═══════════════════════════════════════...", step-finish, patch | [3]user: text:"I'm using GSD for spec driven developmen..." | [4]assistant: step-start, reasoning, text:"Let me first understand the current stat...", tool:completed, tool:completed, tool:error, tool:completed, tool:completed, tool:completed, step-finish, patch | [5]assistant: step-start, tool:completed, tool:completed, step-finish, patch | [6]assistant: step-start, tool:completed, tool:completed, tool:completed, step-finish, patch | [7]assistant: step-start, reasoning, text:"Now I have a clear picture. Let me ask a...", tool:completed, step-finish, patch | [8]assistant: step-start, tool:completed, step-finish, patch | [9]assistant: step-start, reasoning, text:"Got it. Chi router + sqlc + pgx, keep Re...", tool:completed, step-finish, patch | [10]assistant: step-start, tool:completed, step-finish, patch | [11]user: text:"▣ DCP | -40.8K removed, +795 summary

│⣿..." | [12]assistant: step-start, text:"Let me read the current files to make pr...", tool:completed, tool:completed, tool:completed, tool:completed, tool:completed, tool:completed, step-finish, patch | [13]assistant: step-start, reasoning, text:"Now I have all the content. Let me updat...", tool:completed, tool:completed, tool:completed, tool:completed, tool:completed, tool:completed, step-finish, patch | [14]assistant: step-start, tool:completed, step-finish, patch | [15]assistant: step-start, text:"Now let me remove the old phase director...", tool:completed, tool:completed, tool:completed, step-finish, patch | [16]assistant: step-start, tool:completed, tool:completed, tool:completed, tool:completed, step-finish, patch | [17]assistant: step-start, reasoning, text:"The PITFALLS.md and FEATURES.md files ar...", tool:completed, step-finish, patch | [18]assistant: step-start, tool:completed, step-finish, patch | [19]assistant: step-start, text:"Now let me check if there's an existing ...", tool:completed, tool:completed, tool:completed, step-finish, patch | [20]assistant: step-start, tool:completed, step-finish, patch | [21]assistant: step-start, tool:completed, step-finish, patch | [22]assistant: step-start, tool:completed, tool:completed, step-finish, patch
[2026-04-18T13:57:18.228Z] message-hooks: post-filter, msgCount=23
[2026-04-18T13:57:18.228Z] message-hooks: about to search for OPENCODE_GENERIC
[2026-04-18T13:57:18.228Z] message-hooks: searching 23 messages for OPENCODE_GENERIC
[2026-04-18T13:57:18.228Z] message-hooks: found synthetic text at [0]: "Called the Read tool with the following input: {"f..." matches=false
[2026-04-18T13:57:18.228Z] message-hooks: found synthetic text at [0]: "<path>/Users/kritbannachaisirisuk/Documents/work-d..." matches=false
[2026-04-18T13:57:18.228Z] message-hooks: found synthetic text at [0]: "Called the Read tool with the following input: {"f..." matches=false
[2026-04-18T13:57:18.228Z] message-hooks: found synthetic text at [0]: "<path>/Users/kritbannachaisirisuk/Documents/work-d..." matches=false
[2026-04-18T13:57:18.228Z] message-hooks: found synthetic text at [0]: "Called the Read tool with the following input: {"f..." matches=false
[2026-04-18T13:57:18.228Z] message-hooks: found synthetic text at [0]: "<path>/Users/kritbannachaisirisuk/Documents/work-d..." matches=false
[2026-04-18T13:57:18.228Z] message-hooks: found synthetic text at [0]: "Called the Read tool with the following input: {"f..." matches=false
[2026-04-18T13:57:18.228Z] message-hooks: found synthetic text at [0]: "<path>/Users/kritbannachaisirisuk/Documents/work-d..." matches=false
[2026-04-18T13:57:18.228Z] message-hooks: found synthetic text at [0]: "Called the Read tool with the following input: {"f..." matches=false
[2026-04-18T13:57:18.228Z] message-hooks: found synthetic text at [0]: "<path>/Users/kritbannachaisirisuk/Documents/work-d..." matches=false
[2026-04-18T13:57:18.228Z] message-hooks: found synthetic text at [0]: "Called the Read tool with the following input: {"f..." matches=false
[2026-04-18T13:57:18.228Z] message-hooks: found synthetic text at [0]: "<path>/Users/kritbannachaisirisuk/Documents/work-d..." matches=false
[2026-04-18T13:57:18.228Z] message-hooks: generic search complete, found=false, index=-1
[2026-04-18T13:57:18.228Z] message-hooks: no generic part found, checking for pending prompt return
[2026-04-18T13:57:24.454Z] message-hooks: ENTRY msgCount=24, sessions=ses_25f373114ffe0cZaHTatD0EE2e
[2026-04-18T13:57:24.454Z] message-hooks: MESSAGES: [0]user: text:"<context>
**Flags:**
- `--auto` — Automa...", text:"Called the Read tool with the following ..."(syn), text:"<path>/Users/kritbannachaisirisuk/Docume..."(syn), file, text:"Called the Read tool with the following ..."(syn), text:"<path>/Users/kritbannachaisirisuk/Docume..."(syn), file, text:"Called the Read tool with the following ..."(syn), text:"<path>/Users/kritbannachaisirisuk/Docume..."(syn), file, text:"Called the Read tool with the following ..."(syn), text:"<path>/Users/kritbannachaisirisuk/Docume..."(syn), file, text:"Called the Read tool with the following ..."(syn), text:"<path>/Users/kritbannachaisirisuk/Docume..."(syn), file, text:"Called the Read tool with the following ..."(syn), text:"<path>/Users/kritbannachaisirisuk/Docume..."(syn), file | [1]assistant: step-start, text:"I'll execute the new-project workflow. L...", tool:completed, step-finish, patch | [2]assistant: step-start, text:"╔═══════════════════════════════════════...", step-finish, patch | [3]user: text:"I'm using GSD for spec driven developmen..." | [4]assistant: step-start, reasoning, text:"Let me first understand the current stat...", tool:completed, tool:completed, tool:error, tool:completed, tool:completed, tool:completed, step-finish, patch | [5]assistant: step-start, tool:completed, tool:completed, step-finish, patch | [6]assistant: step-start, tool:completed, tool:completed, tool:completed, step-finish, patch | [7]assistant: step-start, reasoning, text:"Now I have a clear picture. Let me ask a...", tool:completed, step-finish, patch | [8]assistant: step-start, tool:completed, step-finish, patch | [9]assistant: step-start, reasoning, text:"Got it. Chi router + sqlc + pgx, keep Re...", tool:completed, step-finish, patch | [10]assistant: step-start, tool:completed, step-finish, patch | [11]user: text:"▣ DCP | -40.8K removed, +795 summary

│⣿..." | [12]assistant: step-start, text:"Let me read the current files to make pr...", tool:completed, tool:completed, tool:completed, tool:completed, tool:completed, tool:completed, step-finish, patch | [13]assistant: step-start, reasoning, text:"Now I have all the content. Let me updat...", tool:completed, tool:completed, tool:completed, tool:completed, tool:completed, tool:completed, step-finish, patch | [14]assistant: step-start, tool:completed, step-finish, patch | [15]assistant: step-start, text:"Now let me remove the old phase director...", tool:completed, tool:completed, tool:completed, step-finish, patch | [16]assistant: step-start, tool:completed, tool:completed, tool:completed, tool:completed, step-finish, patch | [17]assistant: step-start, reasoning, text:"The PITFALLS.md and FEATURES.md files ar...", tool:completed, step-finish, patch | [18]assistant: step-start, tool:completed, step-finish, patch | [19]assistant: step-start, text:"Now let me check if there's an existing ...", tool:completed, tool:completed, tool:completed, step-finish, patch | [20]assistant: step-start, tool:completed, step-finish, patch | [21]assistant: step-start, tool:completed, step-finish, patch | [22]assistant: step-start, tool:completed, tool:completed, step-finish, patch | [23]assistant: step-start, tool:completed, step-finish, patch
[2026-04-18T13:57:24.454Z] message-hooks: post-filter, msgCount=24
[2026-04-18T13:57:24.454Z] message-hooks: about to search for OPENCODE_GENERIC
[2026-04-18T13:57:24.454Z] message-hooks: searching 24 messages for OPENCODE_GENERIC
[2026-04-18T13:57:24.454Z] message-hooks: found synthetic text at [0]: "Called the Read tool with the following input: {"f..." matches=false
[2026-04-18T13:57:24.454Z] message-hooks: found synthetic text at [0]: "<path>/Users/kritbannachaisirisuk/Documents/work-d..." matches=false
[2026-04-18T13:57:24.454Z] message-hooks: found synthetic text at [0]: "Called the Read tool with the following input: {"f..." matches=false
[2026-04-18T13:57:24.454Z] message-hooks: found synthetic text at [0]: "<path>/Users/kritbannachaisirisuk/Documents/work-d..." matches=false
[2026-04-18T13:57:24.454Z] message-hooks: found synthetic text at [0]: "Called the Read tool with the following input: {"f..." matches=false
[2026-04-18T13:57:24.454Z] message-hooks: found synthetic text at [0]: "<path>/Users/kritbannachaisirisuk/Documents/work-d..." matches=false
[2026-04-18T13:57:24.454Z] message-hooks: found synthetic text at [0]: "Called the Read tool with the following input: {"f..." matches=false
[2026-04-18T13:57:24.454Z] message-hooks: found synthetic text at [0]: "<path>/Users/kritbannachaisirisuk/Documents/work-d..." matches=false
[2026-04-18T13:57:24.454Z] message-hooks: found synthetic text at [0]: "Called the Read tool with the following input: {"f..." matches=false
[2026-04-18T13:57:24.454Z] message-hooks: found synthetic text at [0]: "<path>/Users/kritbannachaisirisuk/Documents/work-d..." matches=false
[2026-04-18T13:57:24.454Z] message-hooks: found synthetic text at [0]: "Called the Read tool with the following input: {"f..." matches=false
[2026-04-18T13:57:24.454Z] message-hooks: found synthetic text at [0]: "<path>/Users/kritbannachaisirisuk/Documents/work-d..." matches=false
[2026-04-18T13:57:24.454Z] message-hooks: generic search complete, found=false, index=-1
[2026-04-18T13:57:24.454Z] message-hooks: no generic part found, checking for pending prompt return
[2026-04-18T13:57:37.807Z] session.idle: sessionID=ses_25f373114ffe0cZaHTatD0EE2e
