2026/04/26 23:40:13 Running database migrations...
2026/04/26 23:40:13 Migrations applied successfully
2026/04/26 23:40:13 Connecting to database...
2026/04/26 23:40:13 Connected to database
2026/04/26 23:40:13 Starting server on port 8080
2026/04/26 23:40:13 Server started at http://localhost:8080
2026/04/26 23:40:13 Health check: curl http://localhost:8080/health
2026/04/26 23:40:40 "GET http://localhost:8080/api/catalog/categories HTTP/1.1" from [::1]:64306 - 200 12B in 5.045458ms
2026/04/26 23:40:40 "GET http://localhost:8080/api/catalog/products?is_active=true HTTP/1.1" from [::1]:64307 - 200 1121B in 11.417959ms
2026/04/26 23:40:45 "GET http://localhost:8080/api/catalog/categories HTTP/1.1" from [::1]:64306 - 200 12B in 1.876083ms
2026/04/26 23:40:45 "GET http://localhost:8080/api/catalog/products?is_active=true HTTP/1.1" from [::1]:64307 - 200 1121B in 2.867ms
2026/04/26 23:40:46 "GET http://localhost:8080/api/catalog/categories HTTP/1.1" from [::1]:64307 - 200 12B in 1.112667ms
2026/04/26 23:40:46 "GET http://localhost:8080/api/catalog/products?is_active=true HTTP/1.1" from [::1]:64306 - 200 1121B in 2.103292ms
2026/04/26 23:40:47 "GET http://localhost:8080/api/catalog/categories HTTP/1.1" from [::1]:64306 - 200 12B in 489.375µs
2026/04/26 23:40:47 "GET http://localhost:8080/api/catalog/products?is_active=true HTTP/1.1" from [::1]:64307 - 200 1121B in 1.235375ms
2026/04/26 23:40:52 "GET http://localhost:8080/api/catalog/categories HTTP/1.1" from [::1]:64306 - 200 12B in 1.252208ms
2026/04/26 23:40:52 "GET http://localhost:8080/api/catalog/products?is_active=true HTTP/1.1" from [::1]:64307 - 200 1121B in 2.499833ms
2026/04/26 23:47:17 "GET http://localhost:8080/api/catalog/categories HTTP/1.1" from [::1]:65380 - 200 12B in 1.38525ms
2026/04/26 23:47:17 "GET http://localhost:8080/api/catalog/products?is_active=true HTTP/1.1" from [::1]:65379 - 200 1121B in 2.634625ms
2026/04/26 23:47:18 "GET http://localhost:8080/api/catalog/categories HTTP/1.1" from [::1]:65379 - 200 12B in 784.792µs
2026/04/26 23:47:18 "GET http://localhost:8080/api/catalog/products?is_active=true HTTP/1.1" from [::1]:65380 - 200 1121B in 1.947708ms
2026/04/26 23:51:53 "GET http://localhost:8080/api/catalog/products?is_active=true HTTP/1.1" from [::1]:49732 - 200 1121B in 5.600875ms
2026/04/26 23:52:01 "GET http://localhost:8080/api/catalog/categories HTTP/1.1" from [::1]:49783 - 200 12B in 1.039625ms
2026/04/26 23:52:01 "GET http://localhost:8080/api/catalog/products?is_active=true HTTP/1.1" from [::1]:49732 - 200 1121B in 1.798167ms
2026/04/26 23:52:27 "GET http://localhost:8080/api/catalog/categories HTTP/1.1" from [::1]:49921 - 200 12B in 1.252791ms
2026/04/26 23:52:27 "GET http://localhost:8080/api/catalog/products?is_active=true HTTP/1.1" from [::1]:49920 - 200 1121B in 2.236875ms
2026/04/26 23:52:33 "GET http://localhost:8080/api/catalog/categories HTTP/1.1" from [::1]:49921 - 200 12B in 1.378375ms
2026/04/26 23:52:33 "GET http://localhost:8080/api/catalog/products?is_active=true HTTP/1.1" from [::1]:49920 - 200 1121B in 2.341375ms
2026/04/26 23:53:05 "GET http://localhost:8080/api/catalog/products?is_active=true HTTP/1.1" from [::1]:50029 - 200 1121B in 4.164541ms
2026/04/26 23:53:15 "GET http://localhost:8080/api/catalog/categories HTTP/1.1" from [::1]:50062 - 200 12B in 1.259292ms
2026/04/26 23:53:15 "GET http://localhost:8080/api/catalog/products?is_active=true HTTP/1.1" from [::1]:50063 - 200 1121B in 1.91825ms
2026/04/26 23:57:02 "GET http://localhost:8080/api/catalog/products?is_active=true HTTP/1.1" from [::1]:50617 - 200 1121B in 3.273958ms
2026/04/26 23:57:03 "GET http://localhost:8080/api/catalog/categories HTTP/1.1" from [::1]:50617 - 200 12B in 907.792µs
2026/04/26 23:57:03 "GET http://localhost:8080/api/catalog/products?is_active=true HTTP/1.1" from [::1]:50625 - 200 1121B in 1.794458ms
2026/04/26 23:57:07 "GET http://localhost:8080/api/catalog/categories HTTP/1.1" from [::1]:50625 - 200 12B in 1.391334ms
2026/04/26 23:57:07 "GET http://localhost:8080/api/catalog/products?is_active=true HTTP/1.1" from [::1]:50617 - 200 1121B in 1.939917ms
2026/04/26 23:57:09 "GET http://localhost:8080/api/catalog/categories HTTP/1.1" from [::1]:50617 - 200 12B in 973.416µs
2026/04/26 23:57:09 "GET http://localhost:8080/api/catalog/products?is_active=true HTTP/1.1" from [::1]:50625 - 200 1121B in 2.364917ms
2026/04/26 23:57:11 "GET http://localhost:8080/api/catalog/categories HTTP/1.1" from [::1]:50625 - 200 12B in 1.266125ms
2026/04/26 23:57:11 "GET http://localhost:8080/api/catalog/products?is_active=true HTTP/1.1" from [::1]:50617 - 200 1121B in 2.188417ms
2026/04/26 23:57:12 "GET http://localhost:8080/api/catalog/categories HTTP/1.1" from [::1]:50617 - 200 12B in 849.542µs
2026/04/26 23:57:12 "GET http://localhost:8080/api/catalog/products?is_active=true HTTP/1.1" from [::1]:50625 - 200 1121B in 1.634667ms
2026/04/26 23:57:14 "GET http://localhost:8080/api/catalog/categories HTTP/1.1" from [::1]:50625 - 200 12B in 1.08775ms
2026/04/26 23:57:14 "GET http://localhost:8080/api/catalog/products?is_active=true HTTP/1.1" from [::1]:50617 - 200 1121B in 1.962042ms
2026/04/26 23:57:14 "GET http://localhost:8080/api/catalog/categories HTTP/1.1" from [::1]:50617 - 200 12B in 479.167µs
2026/04/26 23:57:14 "GET http://localhost:8080/api/catalog/products?is_active=true HTTP/1.1" from [::1]:50625 - 200 1121B in 1.635583ms
2026/04/27 00:00:32 "GET http://localhost:8080/api/catalog/products?is_active=true HTTP/1.1" from [::1]:51141 - 200 1121B in 4.961958ms
2026/04/27 00:01:08 "GET http://localhost:8080/api/catalog/categories HTTP/1.1" from [::1]:51259 - 200 12B in 894.084µs
2026/04/27 00:01:08 "GET http://localhost:8080/api/catalog/products?is_active=true HTTP/1.1" from [::1]:51258 - 200 1121B in 1.472458ms
2026/04/27 00:01:50 "GET http://localhost:8080/api/catalog/categories HTTP/1.1" from [::1]:51364 - 200 12B in 2.05725ms
2026/04/27 00:01:50 "GET http://localhost:8080/api/catalog/products?is_active=true HTTP/1.1" from [::1]:51365 - 200 1121B in 3.34075ms
2026/04/27 00:02:10 "GET http://localhost:8080/api/catalog/categories HTTP/1.1" from [::1]:51420 - 200 12B in 1.1ms
2026/04/27 00:02:10 "GET http://localhost:8080/api/catalog/products?is_active=true HTTP/1.1" from [::1]:51419 - 200 1121B in 1.862458ms
2026/04/27 00:04:03 "GET http://localhost:8080/api/catalog/categories HTTP/1.1" from [::1]:51693 - 200 12B in 2.527875ms
2026/04/27 00:04:03 "GET http://localhost:8080/api/catalog/products?is_active=true HTTP/1.1" from [::1]:51694 - 200 1121B in 4.368625ms
2026/04/27 00:04:10 "GET http://localhost:8080/api/catalog/categories HTTP/1.1" from [::1]:51693 - 200 12B in 2.455542ms
2026/04/27 00:04:10 "GET http://localhost:8080/api/catalog/products?is_active=true HTTP/1.1" from [::1]:51694 - 200 1121B in 3.334875ms
2026/04/27 00:04:34 "GET http://localhost:8080/api/catalog/categories HTTP/1.1" from [::1]:51797 - 200 12B in 1.140125ms
2026/04/27 00:04:34 "GET http://localhost:8080/api/catalog/products?is_active=true HTTP/1.1" from [::1]:51796 - 200 1121B in 1.938542ms
2026/04/27 00:04:41 "GET http://localhost:8080/api/catalog/categories HTTP/1.1" from [::1]:51797 - 200 12B in 1.257833ms
2026/04/27 00:04:41 "GET http://localhost:8080/api/catalog/products?is_active=true HTTP/1.1" from [::1]:51796 - 200 1121B in 2.094125ms
2026/04/27 00:04:53 "GET http://localhost:8080/api/catalog/categories HTTP/1.1" from [::1]:51849 - 200 12B in 1.346291ms
2026/04/27 00:04:53 "GET http://localhost:8080/api/catalog/products?is_active=true HTTP/1.1" from [::1]:51848 - 200 1121B in 2.262417ms
2026/04/27 00:06:34 "GET http://localhost:8080/api/catalog/products?is_active=true HTTP/1.1" from [::1]:52155 - 200 1121B in 3.480209ms
2026/04/27 00:07:24 "GET http://localhost:8080/api/catalog/products?is_active=true HTTP/1.1" from [::1]:52277 - 200 1121B in 2.129917ms
2026/04/27 00:07:34 "GET http://localhost:8080/api/catalog/categories HTTP/1.1" from [::1]:52318 - 200 12B in 7.618ms
2026/04/27 00:07:34 "GET http://localhost:8080/api/catalog/products?is_active=true HTTP/1.1" from [::1]:52317 - 200 1121B in 14.665791ms
2026/04/27 20:14:03 "GET http://localhost:8080/api/catalog/categories HTTP/1.1" from [::1]:55484 - 401 25B in 91.791µs
2026/04/27 20:14:03 "GET http://localhost:8080/api/catalog/products?is_active=true HTTP/1.1" from [::1]:55483 - 401 25B in 73.458µs
2026/04/27 20:33:34 "GET http://localhost:8080/api/catalog/products?is_active=true HTTP/1.1" from [::1]:55723 - 401 29B in 15.917µs
2026/04/27 20:33:34 "GET http://localhost:8080/api/catalog/categories HTTP/1.1" from [::1]:55722 - 401 29B in 7.5µs
2026/04/27 20:33:36 "GET http://localhost:8080/api/catalog/products?is_active=true HTTP/1.1" from [::1]:55722 - 401 29B in 12.792µs
2026/04/27 20:33:36 "GET http://localhost:8080/api/catalog/categories HTTP/1.1" from [::1]:55723 - 401 29B in 5.334µs
2026/04/27 20:33:40 "GET http://localhost:8080/api/catalog/categories HTTP/1.1" from [::1]:55722 - 401 29B in 7.417µs
2026/04/27 20:33:40 "GET http://localhost:8080/api/catalog/products?is_active=true HTTP/1.1" from [::1]:55723 - 401 29B in 22.125µs
2026/04/27 20:36:56 "POST http://localhost:8080/api/auth/login HTTP/1.1" from [::1]:56877 - 200 373B in 88.403791ms
2026/04/27 20:36:56 "GET http://localhost:8080/api/catalog/categories HTTP/1.1" from [::1]:56878 - 200 12B in 1.045917ms
2026/04/27 20:36:56 "GET http://localhost:8080/api/catalog/products?is_active=true HTTP/1.1" from [::1]:56877 - 200 1121B in 3.1155ms
2026/04/27 20:37:28 "GET http://localhost:8080/api/catalog/products?is_active=true HTTP/1.1" from [::1]:56955 - 200 1121B in 4.465083ms
2026/04/27 20:41:11 "GET http://localhost:8080/api/catalog/products?is_active=true HTTP/1.1" from [::1]:57487 - 200 1121B in 2.548792ms
2026/04/27 20:43:44 "GET http://localhost:8080/api/catalog/categories HTTP/1.1" from [::1]:57978 - 200 12B in 2.124667ms
2026/04/27 20:43:44 "GET http://localhost:8080/api/catalog/products?is_active=true HTTP/1.1" from [::1]:57977 - 200 1121B in 2.9885ms
2026/04/27 20:44:14 "GET http://localhost:8080/api/catalog/categories HTTP/1.1" from [::1]:58064 - 200 12B in 1.756708ms
2026/04/27 20:44:14 "GET http://localhost:8080/api/catalog/products?is_active=true HTTP/1.1" from [::1]:58063 - 200 1121B in 2.746ms
2026/04/27 20:45:17 "GET http://localhost:8080/api/catalog/products?is_active=true HTTP/1.1" from [::1]:58254 - 200 1121B in 2.8495ms
2026/04/27 20:45:17 "GET http://localhost:8080/api/catalog/categories HTTP/1.1" from [::1]:58254 - 200 12B in 8.399625ms
2026/04/27 20:45:17 "GET http://localhost:8080/api/catalog/products?is_active=true HTTP/1.1" from [::1]:58256 - 200 1121B in 9.0585ms
2026/04/27 20:45:23 "GET http://localhost:8080/api/catalog/categories HTTP/1.1" from [::1]:58254 - 200 12B in 1.166792ms
2026/04/27 20:45:23 "GET http://localhost:8080/api/catalog/products?is_active=true HTTP/1.1" from [::1]:58256 - 200 1121B in 1.825083ms
2026/04/27 20:47:15 "GET http://localhost:8080/api/catalog/categories HTTP/1.1" from [::1]:58562 - 200 12B in 1.160125ms
2026/04/27 20:47:15 "GET http://localhost:8080/api/catalog/products?is_active=true HTTP/1.1" from [::1]:58561 - 200 1121B in 2.084625ms
2026/04/27 20:47:26 "GET http://localhost:8080/api/catalog/categories HTTP/1.1" from [::1]:58593 - 200 12B in 980.167µs
2026/04/27 20:47:26 "GET http://localhost:8080/api/catalog/products?is_active=true HTTP/1.1" from [::1]:58592 - 200 1121B in 1.665125ms
2026/04/27 20:47:46 "GET http://localhost:8080/api/catalog/categories HTTP/1.1" from [::1]:58647 - 200 12B in 1.184625ms
2026/04/27 20:47:46 "GET http://localhost:8080/api/catalog/products?is_active=true HTTP/1.1" from [::1]:58646 - 200 1121B in 1.981541ms
2026/04/27 20:47:51 "GET http://localhost:8080/api/catalog/categories HTTP/1.1" from [::1]:58646 - 200 12B in 1.383875ms
2026/04/27 20:47:51 "GET http://localhost:8080/api/catalog/products?is_active=true HTTP/1.1" from [::1]:58647 - 200 1121B in 11.475042ms
2026/04/27 20:49:52 "GET http://localhost:8080/api/catalog/categories HTTP/1.1" from [::1]:58983 - 200 12B in 3.130667ms
2026/04/27 20:49:52 "GET http://localhost:8080/api/catalog/products?is_active=true HTTP/1.1" from [::1]:58982 - 200 1121B in 10.463916ms
2026/04/27 20:51:17 "GET http://localhost:8080/api/catalog/categories HTTP/1.1" from [::1]:59189 - 200 12B in 1.366166ms
2026/04/27 20:51:17 "GET http://localhost:8080/api/catalog/products?is_active=true HTTP/1.1" from [::1]:59188 - 200 1121B in 2.128458ms
2026/05/01 20:49:26 "POST http://localhost:8080/api/auth/login HTTP/1.1" from [::1]:52852 - 200 373B in 98.999958ms
2026/05/01 20:49:26 "GET http://localhost:8080/api/catalog/products?is_active=true HTTP/1.1" from [::1]:52852 - 200 1121B in 5.282708ms
2026/05/01 20:49:26 "GET http://localhost:8080/api/catalog/categories HTTP/1.1" from [::1]:52854 - 200 12B in 8.553083ms
